<?xml version="1.0" encoding="UTF-8" standalone="yes"?><!DOCTYPE report PUBLIC "-//JACOCO//DTD Report 1.1//EN" "report.dtd"><report name="JaCoCo Coverage Report"><sessioninfo id="b10bb7357476-2b487d77" start="1790251951239" dump="1790251956661"/><package name="org/apache/commons/lang3/math"><class name="org/apache/commons/lang3/math/NumberUtils" sourcefilename="NumberUtils.java"><method name="&lt;init&gt;" desc="()V" line="78"><counter type="INSTRUCTION" missed="3" covered="0"/><counter type="LINE" missed="2" covered="0"/><counter type="COMPLEXITY" missed="1" covered="0"/><counter type="METHOD" missed="1" covered="0"/></method><method name="toInt" desc="(Ljava/lang/String;)I" line="100"><counter type="INSTRUCTION" missed="4" covered="0"/><counter type="LINE" missed="1" covered="0"/><counter type="COMPLEXITY" missed="1" covered="0"/><counter type="METHOD" missed="1" covered="0"/></method><method name="toInt" desc="(Ljava/lang/String;I)I" line="121"><counter type="INSTRUCTION" missed="10" covered="0"/><counter type="BRANCH" missed="2" covered="0"/><counter type="LINE" missed="5" covered="0"/><counter type="COMPLEXITY" missed="2" covered="0"/><counter type="METHOD" missed="1" covered="0"/></method><method name="toLong" desc="(Ljava/lang/String;)J" line="149"><counter type="INSTRUCTION" missed="4" covered="0"/><counter type="LINE" missed="1" covered="0"/><counter type="COMPLEXITY" missed="1" covered="0"/><counter type="METHOD" missed="1" covered="0"/></method><method name="toLong" desc="(Ljava/lang/String;J)J" line="170"><counter type="INSTRUCTION" missed="10" covered="0"/><counter type="BRANCH" missed="2" covered="0"/><counter type="LINE" missed="5" covered="0"/><counter type="COMPLEXITY" missed="2" covered="0"/><counter type="METHOD" missed="1" covered="0"/></method><method name="toFloat" desc="(Ljava/lang/String;)F" line="199"><counter type="INSTRUCTION" missed="4" covered="0"/><counter type="LINE" missed="1" covered="0"/><counter type="COMPLEXITY" missed="1" covered="0"/><counter type="METHOD" missed="1" covered="0"/></method><method name="toFloat" desc="(Ljava/lang/String;F)F" line="222"><counter type="INSTRUCTION" missed="10" covered="0"/><counter type="BRANCH" missed="2" covered="0"/><counter type="LINE" missed="5" covered="0"/><counter type="COMPLEXITY" missed="2" covered="0"/><counter type="METHOD" missed="1" covered="0"/></method><method name="toDouble" desc="(Ljava/lang/String;)D" line="251"><counter type="INSTRUCTION" missed="4" covered="0"/><counter type="LINE" missed="1" covered="0"/><counter type="COMPLEXITY" missed="1" covered="0"/><counter type="METHOD" missed="1" covered="0"/></method><method name="toDouble" desc="(Ljava/lang/String;D)D" line="274"><counter type="INSTRUCTION" missed="10" covered="0"/><counter type="BRANCH" missed="2" covered="0"/><counter type="LINE" missed="5" covered="0"/><counter type="COMPLEXITY" missed="2" covered="0"/><counter type="METHOD" missed="1" covered="0"/></method><method name="toByte" desc="(Ljava/lang/String;)B" line="303"><counter type="INSTRUCTION" missed="4" covered="0"/><counter type="LINE" missed="1" covered="0"/><counter type="COMPLEXITY" missed="1" covered="0"/><counter type="METHOD" missed="1" covered="0"/></method><method name="toByte" desc="(Ljava/lang/String;B)B" line="324"><counter type="INSTRUCTION" missed="10" covered="0"/><counter type="BRANCH" missed="2" covered="0"/><counter type="LINE" missed="5" covered="0"/><counter type="COMPLEXITY" missed="2" covered="0"/><counter type="METHOD" missed="1" covered="0"/></method><method name="toShort" desc="(Ljava/lang/String;)S" line="352"><counter type="INSTRUCTION" missed="4" covered="0"/><counter type="LINE" missed="1" covered="0"/><counter type="COMPLEXITY" missed="1" covered="0"/><counter type="METHOD" missed="1" covered="0"/></method><method name="toShort" desc="(Ljava/lang/String;S)S" line="373"><counter type="INSTRUCTION" missed="10" covered="0"/><counter type="BRANCH" missed="2" covered="0"/><counter type="LINE" missed="5" covered="0"/><counter type="COMPLEXITY" missed="2" covered="0"/><counter type="METHOD" missed="1" covered="0"/></method><method name="createNumber" desc="(Ljava/lang/String;)Ljava/lang/Number;" line="451"><counter type="INSTRUCTION" missed="412" covered="0"/><counter type="BRANCH" missed="92" covered="0"/><counter type="LINE" missed="84" covered="0"/><counter type="COMPLEXITY" missed="48" covered="0"/><counter type="METHOD" missed="1" covered="0"/></method><method name="isAllZeros" desc="(Ljava/lang/String;)Z" line="625"><counter type="INSTRUCTION" missed="27" covered="0"/><counter type="BRANCH" missed="8" covered="0"/><counter type="LINE" missed="6" covered="0"/><counter type="COMPLEXITY" missed="5" covered="0"/><counter type="METHOD" missed="1" covered="0"/></method><method name="createFloat" desc="(Ljava/lang/String;)Ljava/lang/Float;" line="647"><counter type="INSTRUCTION" missed="7" covered="0"/><counter type="BRANCH" missed="2" covered="0"/><counter type="LINE" missed="3" covered="0"/><counter type="COMPLEXITY" missed="2" covered="0"/><counter type="METHOD" missed="1" covered="0"/></method><method name="createDouble" desc="(Ljava/lang/String;)Ljava/lang/Double;" line="663"><counter type="INSTRUCTION" missed="7" covered="0"/><counter type="BRANCH" missed="2" covered="0"/><counter type="LINE" missed="3" covered="0"/><counter type="COMPLEXITY" missed="2" covered="0"/><counter type="METHOD" missed="1" covered="0"/></method><method name="createInteger" desc="(Ljava/lang/String;)Ljava/lang/Integer;" line="680"><counter type="INSTRUCTION" missed="7" covered="0"/><counter type="BRANCH" missed="2" covered="0"/><counter type="LINE" missed="3" covered="0"/><counter type="COMPLEXITY" missed="2" covered="0"/><counter type="METHOD" missed="1" covered="0"/></method><method name="createLong" desc="(Ljava/lang/String;)Ljava/lang/Long;" line="698"><counter type="INSTRUCTION" missed="7" covered="0"/><counter type="BRANCH" missed="2" covered="0"/><counter type="LINE" missed="3" covered="0"/><counter type="COMPLEXITY" missed="2" covered="0"/><counter type="METHOD" missed="1" covered="0"/></method><method name="createBigInteger" desc="(Ljava/lang/String;)Ljava/math/BigInteger;" line="715"><counter type="INSTRUCTION" missed="70" covered="0"/><counter type="BRANCH" missed="16" covered="0"/><counter type="LINE" missed="19" covered="0"/><counter type="COMPLEXITY" missed="9" covered="0"/><counter type="METHOD" missed="1" covered="0"/></method><method name="createBigDecimal" desc="(Ljava/lang/String;)Ljava/math/BigDecimal;" line="750"><counter type="INSTRUCTION" missed="34" covered="0"/><counter type="BRANCH" missed="6" covered="0"/><counter type="LINE" missed="7" covered="0"/><counter type="COMPLEXITY" missed="4" covered="0"/><counter type="METHOD" missed="1" covered="0"/></method><method name="min" desc="([J)J" line="779"><counter type="INSTRUCTION" missed="26" covered="0"/><counter type="BRANCH" missed="4" covered="0"/><counter type="LINE" missed="6" covered="0"/><counter type="COMPLEXITY" missed="3" covered="0"/><counter type="METHOD" missed="1" covered="0"/></method><method name="min" desc="([I)I" line="802"><counter type="INSTRUCTION" missed="25" covered="0"/><counter type="BRANCH" missed="4" covered="0"/><counter type="LINE" missed="6" covered="0"/><counter type="COMPLEXITY" missed="3" covered="0"/><counter type="METHOD" missed="1" covered="0"/></method><method name="min" desc="([S)S" line="825"><counter type="INSTRUCTION" missed="25" covered="0"/><counter type="BRANCH" missed="4" covered="0"/><counter type="LINE" missed="6" covered="0"/><counter type="COMPLEXITY" missed="3" covered="0"/><counter type="METHOD" missed="1" covered="0"/></method><method name="min" desc="([B)B" line="848"><counter type="INSTRUCTION" missed="25" covered="0"/><counter type="BRANCH" missed="4" covered="0"/><counter type="LINE" missed="6" covered="0"/><counter type="COMPLEXITY" missed="3" covered="0"/><counter type="METHOD" missed="1" covered="0"/></method><method name="min" desc="([D)D" line="872"><counter type="INSTRUCTION" missed="33" covered="0"/><counter type="BRANCH" missed="6" covered="0"/><counter type="LINE" missed="8" covered="0"/><counter type="COMPLEXITY" missed="4" covered="0"/><counter type="METHOD" missed="1" covered="0"/></method><method name="min" desc="([F)F" line="899"><counter type="INSTRUCTION" missed="33" covered="0"/><counter type="BRANCH" missed="6" covered="0"/><counter type="LINE" missed="8" covered="0"/><counter type="COMPLEXITY" missed="4" covered="0"/><counter type="METHOD" missed="1" covered="0"/></method><method name="max" desc="([J)J" line="927"><counter type="INSTRUCTION" missed="26" covered="0"/><counter type="BRANCH" missed="4" covered="0"/><counter type="LINE" missed="6" covered="0"/><counter type="COMPLEXITY" missed="3" covered="0"/><counter type="METHOD" missed="1" covered="0"/></method><method name="max" desc="([I)I" line="950"><counter type="INSTRUCTION" missed="25" covered="0"/><counter type="BRANCH" missed="4" covered="0"/><counter type="LINE" missed="6" covered="0"/><counter type="COMPLEXITY" missed="3" covered="0"/><counter type="METHOD" missed="1" covered="0"/></method><method name="max" desc="([S)S" line="973"><counter type="INSTRUCTION" missed="25" covered="0"/><counter type="BRANCH" missed="4" covered="0"/><counter type="LINE" missed="6" covered="0"/><counter type="COMPLEXITY" missed="3" covered="0"/><counter type="METHOD" missed="1" covered="0"/></method><method name="max" desc="([B)B" line="996"><counter type="INSTRUCTION" missed="25" covered="0"/><counter type="BRANCH" missed="4" covered="0"/><counter type="LINE" missed="6" covered="0"/><counter type="COMPLEXITY" missed="3" covered="0"/><counter type="METHOD" missed="1" covered="0"/></method><method name="max" desc="([D)D" line="1020"><counter type="INSTRUCTION" missed="33" covered="0"/><counter type="BRANCH" missed="6" covered="0"/><counter type="LINE" missed="8" covered="0"/><counter type="COMPLEXITY" missed="4" covered="0"/><counter type="METHOD" missed="1" covered="0"/></method><method name="max" desc="([F)F" line="1047"><counter type="INSTRUCTION" missed="33" covered="0"/><counter type="BRANCH" missed="6" covered="0"/><counter type="LINE" missed="8" covered="0"/><counter type="COMPLEXITY" missed="4" covered="0"/><counter type="METHOD" missed="1" covered="0"/></method><method name="validateArray" desc="(Ljava/lang/Object;)V" line="1070"><counter type="INSTRUCTION" missed="16" covered="0"/><counter type="BRANCH" missed="4" covered="0"/><counter type="LINE" missed="5" covered="0"/><counter type="COMPLEXITY" missed="3" covered="0"/><counter type="METHOD" missed="1" covered="0"/></method><method name="min" desc="(JJJ)J" line="1088"><counter type="INSTRUCTION" missed="14" covered="0"/><counter type="BRANCH" missed="4" covered="0"/><counter type="LINE" missed="5" covered="0"/><counter type="COMPLEXITY" missed="3" covered="0"/><counter type="METHOD" missed="1" covered="0"/></method><method name="min" desc="(III)I" line="1106"><counter type="INSTRUCTION" missed="12" covered="0"/><counter type="BRANCH" missed="4" covered="0"/><counter type="LINE" missed="5" covered="0"/><counter type="COMPLEXITY" missed="3" covered="0"/><counter type="METHOD" missed="1" covered="0"/></method><method name="min" desc="(SSS)S" line="1124"><counter type="INSTRUCTION" missed="12" covered="0"/><counter type="BRANCH" missed="4" covered="0"/><counter type="LINE" missed="5" covered="0"/><counter type="COMPLEXITY" missed="3" covered="0"/><counter type="METHOD" missed="1" covered="0"/></method><method name="min" desc="(BBB)B" line="1142"><counter type="INSTRUCTION" missed="12" covered="0"/><counter type="BRANCH" missed="4" covered="0"/><counter type="LINE" missed="5" covered="0"/><counter type="COMPLEXITY" missed="3" covered="0"/><counter type="METHOD" missed="1" covered="0"/></method><method name="min" desc="(DDD)D" line="1164"><counter type="INSTRUCTION" missed="6" covered="0"/><counter type="LINE" missed="1" covered="0"/><counter type="COMPLEXITY" missed="1" covered="0"/><counter type="METHOD" missed="1" covered="0"/></method><method name="min" desc="(FFF)F" line="1180"><counter type="INSTRUCTION" missed="6" covered="0"/><counter type="LINE" missed="1" covered="0"/><counter type="COMPLEXITY" missed="1" covered="0"/><counter type="METHOD" missed="1" covered="0"/></method><method name="max" desc="(JJJ)J" line="1194"><counter type="INSTRUCTION" missed="14" covered="0"/><counter type="BRANCH" missed="4" covered="0"/><counter type="LINE" missed="5" covered="0"/><counter type="COMPLEXITY" missed="3" covered="0"/><counter type="METHOD" missed="1" covered="0"/></method><method name="max" desc="(III)I" line="1212"><counter type="INSTRUCTION" missed="12" covered="0"/><counter type="BRANCH" missed="4" covered="0"/><counter type="LINE" missed="5" covered="0"/><counter type="COMPLEXITY" missed="3" covered="0"/><counter type="METHOD" missed="1" covered="0"/></method><method name="max" desc="(SSS)S" line="1230"><counter type="INSTRUCTION" missed="12" covered="0"/><counter type="BRANCH" missed="4" covered="0"/><counter type="LINE" missed="5" covered="0"/><counter type="COMPLEXITY" missed="3" covered="0"/><counter type="METHOD" missed="1" covered="0"/></method><method name="max" desc="(BBB)B" line="1248"><counter type="INSTRUCTION" missed="12" covered="0"/><counter type="BRANCH" missed="4" covered="0"/><counter type="LINE" missed="5" covered="0"/><counter type="COMPLEXITY" missed="3" covered="0"/><counter type="METHOD" missed="1" covered="0"/></method><method name="max" desc="(DDD)D" line="1270"><counter type="INSTRUCTION" missed="6" covered="0"/><counter type="LINE" missed="1" covered="0"/><counter type="COMPLEXITY" missed="1" covered="0"/><counter type="METHOD" missed="1" covered="0"/></method><method name="max" desc="(FFF)F" line="1286"><counter type="INSTRUCTION" missed="6" covered="0"/><counter type="LINE" missed="1" covered="0"/><counter type="COMPLEXITY" missed="1" covered="0"/><counter type="METHOD" missed="1" covered="0"/></method><method name="isDigits" desc="(Ljava/lang/String;)Z" line="1301"><counter type="INSTRUCTION" missed="22" covered="0"/><counter type="BRANCH" missed="6" covered="0"/><counter type="LINE" missed="6" covered="0"/><counter type="COMPLEXITY" missed="4" covered="0"/><counter type="METHOD" missed="1" covered="0"/></method><method name="isNumber" desc="(Ljava/lang/String;)Z" line="1326"><counter type="INSTRUCTION" missed="279" covered="0"/><counter type="BRANCH" missed="98" covered="0"/><counter type="LINE" missed="56" covered="0"/><counter type="COMPLEXITY" missed="50" covered="0"/><counter type="METHOD" missed="1" covered="0"/></method><method name="&lt;clinit&gt;" desc="()V" line="34"><counter type="INSTRUCTION" missed="55" covered="0"/><counter type="LINE" missed="18" covered="0"/><counter type="COMPLEXITY" missed="1" covered="0"/><counter type="METHOD" missed="1" covered="0"/></method><counter type="INSTRUCTION" missed="1488" covered="0"/><counter type="BRANCH" missed="338" covered="0"/><counter type="LINE" missed="375" covered="0"/><counter type="COMPLEXITY" missed="219" covered="0"/><counter type="METHOD" missed="49" covered="0"/><counter type="CLASS" missed="1" covered="0"/></class><sourcefile name="NumberUtils.java"><line nr="34" mi="3" ci="0" mb="0" cb="0"/><line nr="36" mi="3" ci="0" mb="0" cb="0"/><line nr="38" mi="3" ci="0" mb="0" cb="0"/><line nr="40" mi="3" ci="0" mb="0" cb="0"/><line nr="42" mi="3" ci="0" mb="0" cb="0"/><line nr="44" mi="3" ci="0" mb="0" cb="0"/><line nr="46" mi="3" ci="0" mb="0" cb="0"/><line nr="48" mi="3" ci="0" mb="0" cb="0"/><line nr="50" mi="3" ci="0" mb="0" cb="0"/><line nr="52" mi="3" ci="0" mb="0" cb="0"/><line nr="54" mi="3" ci="0" mb="0" cb="0"/><line nr="56" mi="3" ci="0" mb="0" cb="0"/><line nr="58" mi="3" ci="0" mb="0" cb="0"/><line nr="60" mi="3" ci="0" mb="0" cb="0"/><line nr="62" mi="3" ci="0" mb="0" cb="0"/><line nr="64" mi="3" ci="0" mb="0" cb="0"/><line nr="66" mi="3" ci="0" mb="0" cb="0"/><line nr="68" mi="4" ci="0" mb="0" cb="0"/><line nr="78" mi="2" ci="0" mb="0" cb="0"/><line nr="79" mi="1" ci="0" mb="0" cb="0"/><line nr="100" mi="4" ci="0" mb="0" cb="0"/><line nr="121" mi="2" ci="0" mb="2" cb="0"/><line nr="122" mi="2" ci="0" mb="0" cb="0"/><line nr="125" mi="3" ci="0" mb="0" cb="0"/><line nr="126" mi="1" ci="0" mb="0" cb="0"/><line nr="127" mi="2" ci="0" mb="0" cb="0"/><line nr="149" mi="4" ci="0" mb="0" cb="0"/><line nr="170" mi="2" ci="0" mb="2" cb="0"/><line nr="171" mi="2" ci="0" mb="0" cb="0"/><line nr="174" mi="3" ci="0" mb="0" cb="0"/><line nr="175" mi="1" ci="0" mb="0" cb="0"/><line nr="176" mi="2" ci="0" mb="0" cb="0"/><line nr="199" mi="4" ci="0" mb="0" cb="0"/><line nr="222" mi="2" ci="0" mb="2" cb="0"/><line nr="223" mi="2" ci="0" mb="0" cb="0"/><line nr="226" mi="3" ci="0" mb="0" cb="0"/><line nr="227" mi="1" ci="0" mb="0" cb="0"/><line nr="228" mi="2" ci="0" mb="0" cb="0"/><line nr="251" mi="4" ci="0" mb="0" cb="0"/><line nr="274" mi="2" ci="0" mb="2" cb="0"/><line nr="275" mi="2" ci="0" mb="0" cb="0"/><line nr="278" mi="3" ci="0" mb="0" cb="0"/><line nr="279" mi="1" ci="0" mb="0" cb="0"/><line nr="280" mi="2" ci="0" mb="0" cb="0"/><line nr="303" mi="4" ci="0" mb="0" cb="0"/><line nr="324" mi="2" ci="0" mb="2" cb="0"/><line nr="325" mi="2" ci="0" mb="0" cb="0"/><line nr="328" mi="3" ci="0" mb="0" cb="0"/><line nr="329" mi="1" ci="0" mb="0" cb="0"/><line nr="330" mi="2" ci="0" mb="0" cb="0"/><line nr="352" mi="4" ci="0" mb="0" cb="0"/><line nr="373" mi="2" ci="0" mb="2" cb="0"/><line nr="374" mi="2" ci="0" mb="0" cb="0"/><line nr="377" mi="3" ci="0" mb="0" cb="0"/><line nr="378" mi="1" ci="0" mb="0" cb="0"/><line nr="379" mi="2" ci="0" mb="0" cb="0"/><line nr="451" mi="2" ci="0" mb="2" cb="0"/><line nr="452" mi="2" ci="0" mb="0" cb="0"/><line nr="454" mi="3" ci="0" mb="2" cb="0"/><line nr="455" mi="5" ci="0" mb="0" cb="0"/><line nr="458" mi="27" ci="0" mb="0" cb="0"/><line nr="459" mi="2" ci="0" mb="0" cb="0"/><line nr="460" mi="16" ci="0" mb="2" cb="0"/><line nr="461" mi="4" ci="0" mb="2" cb="0"/><line nr="462" mi="5" ci="0" mb="0" cb="0"/><line nr="463" mi="1" ci="0" mb="0" cb="0"/><line nr="466" mi="2" ci="0" mb="2" cb="0"/><line nr="467" mi="5" ci="0" mb="0" cb="0"/><line nr="468" mi="3" ci="0" mb="2" cb="0"/><line nr="469" mi="3" ci="0" mb="0" cb="0"/><line nr="471" mi="3" ci="0" mb="2" cb="0"/><line nr="472" mi="3" ci="0" mb="0" cb="0"/><line nr="474" mi="3" ci="0" mb="0" cb="0"/><line nr="476" mi="7" ci="0" mb="0" cb="0"/><line nr="480" mi="4" ci="0" mb="0" cb="0"/><line nr="481" mi="10" ci="0" mb="0" cb="0"/><line nr="485" mi="2" ci="0" mb="0" cb="0"/><line nr="486" mi="3" ci="0" mb="2" cb="0"/><line nr="488" mi="3" ci="0" mb="2" cb="0"/><line nr="489" mi="7" ci="0" mb="4" cb="0"/><line nr="490" mi="12" ci="0" mb="0" cb="0"/><line nr="492" mi="8" ci="0" mb="0" cb="0"/><line nr="494" mi="6" ci="0" mb="0" cb="0"/><line nr="496" mi="5" ci="0" mb="0" cb="0"/><line nr="497" mi="4" ci="0" mb="0" cb="0"/><line nr="499" mi="3" ci="0" mb="2" cb="0"/><line nr="500" mi="4" ci="0" mb="2" cb="0"/><line nr="501" mi="12" ci="0" mb="0" cb="0"/><line nr="503" mi="6" ci="0" mb="0" cb="0"/><line nr="505" mi="2" ci="0" mb="0" cb="0"/><line nr="507" mi="2" ci="0" mb="0" cb="0"/><line nr="509" mi="6" ci="0" mb="4" cb="0"/><line nr="510" mi="9" ci="0" mb="4" cb="0"/><line nr="511" mi="11" ci="0" mb="0" cb="0"/><line nr="513" mi="2" ci="0" mb="0" cb="0"/><line nr="516" mi="8" ci="0" mb="0" cb="0"/><line nr="517" mi="10" ci="0" mb="4" cb="0"/><line nr="518" mi="2" ci="0" mb="4" cb="0"/><line nr="521" mi="6" ci="0" mb="4" cb="0"/><line nr="523" mi="11" ci="0" mb="6" cb="0"/><line nr="525" mi="3" ci="0" mb="0" cb="0"/><line nr="526" mi="1" ci="0" mb="0" cb="0"/><line nr="529" mi="3" ci="0" mb="0" cb="0"/><line nr="532" mi="12" ci="0" mb="0" cb="0"/><line nr="536" mi="3" ci="0" mb="0" cb="0"/><line nr="537" mi="10" ci="0" mb="6" cb="0"/><line nr="540" mi="2" ci="0" mb="0" cb="0"/><line nr="543" mi="1" ci="0" mb="0" cb="0"/><line nr="545" mi="1" ci="0" mb="0" cb="0"/><line nr="550" mi="3" ci="0" mb="0" cb="0"/><line nr="551" mi="11" ci="0" mb="6" cb="0"/><line nr="552" mi="2" ci="0" mb="0" cb="0"/><line nr="554" mi="1" ci="0" mb="0" cb="0"/><line nr="556" mi="1" ci="0" mb="0" cb="0"/><line nr="558" mi="3" ci="0" mb="0" cb="0"/><line nr="559" mi="1" ci="0" mb="0" cb="0"/><line nr="564" mi="12" ci="0" mb="0" cb="0"/><line nr="570" mi="9" ci="0" mb="4" cb="0"/><line nr="571" mi="9" ci="0" mb="0" cb="0"/><line nr="573" mi="2" ci="0" mb="0" cb="0"/><line nr="575" mi="4" ci="0" mb="4" cb="0"/><line nr="578" mi="3" ci="0" mb="0" cb="0"/><line nr="579" mi="1" ci="0" mb="0" cb="0"/><line nr="583" mi="3" ci="0" mb="0" cb="0"/><line nr="584" mi="1" ci="0" mb="0" cb="0"/><line nr="587" mi="3" ci="0" mb="0" cb="0"/><line nr="591" mi="10" ci="0" mb="4" cb="0"/><line nr="593" mi="3" ci="0" mb="2" cb="0"/><line nr="594" mi="3" ci="0" mb="0" cb="0"/><line nr="595" mi="10" ci="0" mb="6" cb="0"/><line nr="596" mi="2" ci="0" mb="0" cb="0"/><line nr="599" mi="1" ci="0" mb="0" cb="0"/><line nr="601" mi="1" ci="0" mb="0" cb="0"/><line nr="603" mi="3" ci="0" mb="2" cb="0"/><line nr="604" mi="3" ci="0" mb="0" cb="0"/><line nr="605" mi="10" ci="0" mb="6" cb="0"/><line nr="606" mi="2" ci="0" mb="0" cb="0"/><line nr="609" mi="1" ci="0" mb="0" cb="0"/><line nr="611" mi="1" ci="0" mb="0" cb="0"/><line nr="613" mi="3" ci="0" mb="0" cb="0"/><line nr="625" mi="2" ci="0" mb="2" cb="0"/><line nr="626" mi="2" ci="0" mb="0" cb="0"/><line nr="628" mi="9" ci="0" mb="2" cb="0"/><line nr="629" mi="5" ci="0" mb="2" cb="0"/><line nr="630" mi="2" ci="0" mb="0" cb="0"/><line nr="633" mi="7" ci="0" mb="2" cb="0"/><line nr="647" mi="2" ci="0" mb="2" cb="0"/><line nr="648" mi="2" ci="0" mb="0" cb="0"/><line nr="650" mi="3" ci="0" mb="0" cb="0"/><line nr="663" mi="2" ci="0" mb="2" cb="0"/><line nr="664" mi="2" ci="0" mb="0" cb="0"/><line nr="666" mi="3" ci="0" mb="0" cb="0"/><line nr="680" mi="2" ci="0" mb="2" cb="0"/><line nr="681" mi="2" ci="0" mb="0" cb="0"/><line nr="684" mi="3" ci="0" mb="0" cb="0"/><line nr="698" mi="2" ci="0" mb="2" cb="0"/><line nr="699" mi="2" ci="0" mb="0" cb="0"/><line nr="701" mi="3" ci="0" mb="0" cb="0"/><line nr="715" mi="2" ci="0" mb="2" cb="0"/><line nr="716" mi="2" ci="0" mb="0" cb="0"/><line nr="718" mi="2" ci="0" mb="0" cb="0"/><line nr="719" mi="2" ci="0" mb="0" cb="0"/><line nr="720" mi="2" ci="0" mb="0" cb="0"/><line nr="721" mi="4" ci="0" mb="2" cb="0"/><line nr="722" mi="2" ci="0" mb="0" cb="0"/><line nr="723" mi="2" ci="0" mb="0" cb="0"/><line nr="725" mi="10" ci="0" mb="4" cb="0"/><line nr="726" mi="2" ci="0" mb="0" cb="0"/><line nr="727" mi="2" ci="0" mb="0" cb="0"/><line nr="728" mi="5" ci="0" mb="2" cb="0"/><line nr="729" mi="2" ci="0" mb="0" cb="0"/><line nr="730" mi="2" ci="0" mb="0" cb="0"/><line nr="731" mi="11" ci="0" mb="4" cb="0"/><line nr="732" mi="2" ci="0" mb="0" cb="0"/><line nr="733" mi="1" ci="0" mb="0" cb="0"/><line nr="736" mi="8" ci="0" mb="0" cb="0"/><line nr="737" mi="7" ci="0" mb="2" cb="0"/><line nr="750" mi="2" ci="0" mb="2" cb="0"/><line nr="751" mi="2" ci="0" mb="0" cb="0"/><line nr="754" mi="3" ci="0" mb="2" cb="0"/><line nr="755" mi="5" ci="0" mb="0" cb="0"/><line nr="757" mi="5" ci="0" mb="2" cb="0"/><line nr="762" mi="12" ci="0" mb="0" cb="0"/><line nr="764" mi="5" ci="0" mb="0" cb="0"/><line nr="779" mi="2" ci="0" mb="0" cb="0"/><line nr="782" mi="4" ci="0" mb="0" cb="0"/><line nr="783" mi="8" ci="0" mb="2" cb="0"/><line nr="784" mi="6" ci="0" mb="2" cb="0"/><line nr="785" mi="4" ci="0" mb="0" cb="0"/><line nr="789" mi="2" ci="0" mb="0" cb="0"/><line nr="802" mi="2" ci="0" mb="0" cb="0"/><line nr="805" mi="4" ci="0" mb="0" cb="0"/><line nr="806" mi="8" ci="0" mb="2" cb="0"/><line nr="807" mi="5" ci="0" mb="2" cb="0"/><line nr="808" mi="4" ci="0" mb="0" cb="0"/><line nr="812" mi="2" ci="0" mb="0" cb="0"/><line nr="825" mi="2" ci="0" mb="0" cb="0"/><line nr="828" mi="4" ci="0" mb="0" cb="0"/><line nr="829" mi="8" ci="0" mb="2" cb="0"/><line nr="830" mi="5" ci="0" mb="2" cb="0"/><line nr="831" mi="4" ci="0" mb="0" cb="0"/><line nr="835" mi="2" ci="0" mb="0" cb="0"/><line nr="848" mi="2" ci="0" mb="0" cb="0"/><line nr="851" mi="4" ci="0" mb="0" cb="0"/><line nr="852" mi="8" ci="0" mb="2" cb="0"/><line nr="853" mi="5" ci="0" mb="2" cb="0"/><line nr="854" mi="4" ci="0" mb="0" cb="0"/><line nr="858" mi="2" ci="0" mb="0" cb="0"/><line nr="872" mi="2" ci="0" mb="0" cb="0"/><line nr="875" mi="4" ci="0" mb="0" cb="0"/><line nr="876" mi="8" ci="0" mb="2" cb="0"/><line nr="877" mi="5" ci="0" mb="2" cb="0"/><line nr="878" mi="2" ci="0" mb="0" cb="0"/><line nr="880" mi="6" ci="0" mb="2" cb="0"/><line nr="881" mi="4" ci="0" mb="0" cb="0"/><line nr="885" mi="2" ci="0" mb="0" cb="0"/><line nr="899" mi="2" ci="0" mb="0" cb="0"/><line nr="902" mi="4" ci="0" mb="0" cb="0"/><line nr="903" mi="8" ci="0" mb="2" cb="0"/><line nr="904" mi="5" ci="0" mb="2" cb="0"/><line nr="905" mi="2" ci="0" mb="0" cb="0"/><line nr="907" mi="6" ci="0" mb="2" cb="0"/><line nr="908" mi="4" ci="0" mb="0" cb="0"/><line nr="912" mi="2" ci="0" mb="0" cb="0"/><line nr="927" mi="2" ci="0" mb="0" cb="0"/><line nr="930" mi="4" ci="0" mb="0" cb="0"/><line nr="931" mi="8" ci="0" mb="2" cb="0"/><line nr="932" mi="6" ci="0" mb="2" cb="0"/><line nr="933" mi="4" ci="0" mb="0" cb="0"/><line nr="937" mi="2" ci="0" mb="0" cb="0"/><line nr="950" mi="2" ci="0" mb="0" cb="0"/><line nr="953" mi="4" ci="0" mb="0" cb="0"/><line nr="954" mi="8" ci="0" mb="2" cb="0"/><line nr="955" mi="5" ci="0" mb="2" cb="0"/><line nr="956" mi="4" ci="0" mb="0" cb="0"/><line nr="960" mi="2" ci="0" mb="0" cb="0"/><line nr="973" mi="2" ci="0" mb="0" cb="0"/><line nr="976" mi="4" ci="0" mb="0" cb="0"/><line nr="977" mi="8" ci="0" mb="2" cb="0"/><line nr="978" mi="5" ci="0" mb="2" cb="0"/><line nr="979" mi="4" ci="0" mb="0" cb="0"/><line nr="983" mi="2" ci="0" mb="0" cb="0"/><line nr="996" mi="2" ci="0" mb="0" cb="0"/><line nr="999" mi="4" ci="0" mb="0" cb="0"/><line nr="1000" mi="8" ci="0" mb="2" cb="0"/><line nr="1001" mi="5" ci="0" mb="2" cb="0"/><line nr="1002" mi="4" ci="0" mb="0" cb="0"/><line nr="1006" mi="2" ci="0" mb="0" cb="0"/><line nr="1020" mi="2" ci="0" mb="0" cb="0"/><line nr="1023" mi="4" ci="0" mb="0" cb="0"/><line nr="1024" mi="8" ci="0" mb="2" cb="0"/><line nr="1025" mi="5" ci="0" mb="2" cb="0"/><line nr="1026" mi="2" ci="0" mb="0" cb="0"/><line nr="1028" mi="6" ci="0" mb="2" cb="0"/><line nr="1029" mi="4" ci="0" mb="0" cb="0"/><line nr="1033" mi="2" ci="0" mb="0" cb="0"/><line nr="1047" mi="2" ci="0" mb="0" cb="0"/><line nr="1050" mi="4" ci="0" mb="0" cb="0"/><line nr="1051" mi="8" ci="0" mb="2" cb="0"/><line nr="1052" mi="5" ci="0" mb="2" cb="0"/><line nr="1053" mi="2" ci="0" mb="0" cb="0"/><line nr="1055" mi="6" ci="0" mb="2" cb="0"/><line nr="1056" mi="4" ci="0" mb="0" cb="0"/><line nr="1060" mi="2" ci="0" mb="0" cb="0"/><line nr="1070" mi="2" ci="0" mb="2" cb="0"/><line nr="1071" mi="5" ci="0" mb="0" cb="0"/><line nr="1072" mi="3" ci="0" mb="2" cb="0"/><line nr="1073" mi="5" ci="0" mb="0" cb="0"/><line nr="1075" mi="1" ci="0" mb="0" cb="0"/><line nr="1088" mi="4" ci="0" mb="2" cb="0"/><line nr="1089" mi="2" ci="0" mb="0" cb="0"/><line nr="1091" mi="4" ci="0" mb="2" cb="0"/><line nr="1092" mi="2" ci="0" mb="0" cb="0"/><line nr="1094" mi="2" ci="0" mb="0" cb="0"/><line nr="1106" mi="3" ci="0" mb="2" cb="0"/><line nr="1107" mi="2" ci="0" mb="0" cb="0"/><line nr="1109" mi="3" ci="0" mb="2" cb="0"/><line nr="1110" mi="2" ci="0" mb="0" cb="0"/><line nr="1112" mi="2" ci="0" mb="0" cb="0"/><line nr="1124" mi="3" ci="0" mb="2" cb="0"/><line nr="1125" mi="2" ci="0" mb="0" cb="0"/><line nr="1127" mi="3" ci="0" mb="2" cb="0"/><line nr="1128" mi="2" ci="0" mb="0" cb="0"/><line nr="1130" mi="2" ci="0" mb="0" cb="0"/><line nr="1142" mi="3" ci="0" mb="2" cb="0"/><line nr="1143" mi="2" ci="0" mb="0" cb="0"/><line nr="1145" mi="3" ci="0" mb="2" cb="0"/><line nr="1146" mi="2" ci="0" mb="0" cb="0"/><line nr="1148" mi="2" ci="0" mb="0" cb="0"/><line nr="1164" mi="6" ci="0" mb="0" cb="0"/><line nr="1180" mi="6" ci="0" mb="0" cb="0"/><line nr="1194" mi="4" ci="0" mb="2" cb="0"/><line nr="1195" mi="2" ci="0" mb="0" cb="0"/><line nr="1197" mi="4" ci="0" mb="2" cb="0"/><line nr="1198" mi="2" ci="0" mb="0" cb="0"/><line nr="1200" mi="2" ci="0" mb="0" cb="0"/><line nr="1212" mi="3" ci="0" mb="2" cb="0"/><line nr="1213" mi="2" ci="0" mb="0" cb="0"/><line nr="1215" mi="3" ci="0" mb="2" cb="0"/><line nr="1216" mi="2" ci="0" mb="0" cb="0"/><line nr="1218" mi="2" ci="0" mb="0" cb="0"/><line nr="1230" mi="3" ci="0" mb="2" cb="0"/><line nr="1231" mi="2" ci="0" mb="0" cb="0"/><line nr="1233" mi="3" ci="0" mb="2" cb="0"/><line nr="1234" mi="2" ci="0" mb="0" cb="0"/><line nr="1236" mi="2" ci="0" mb="0" cb="0"/><line nr="1248" mi="3" ci="0" mb="2" cb="0"/><line nr="1249" mi="2" ci="0" mb="0" cb="0"/><line nr="1251" mi="3" ci="0" mb="2" cb="0"/><line nr="1252" mi="2" ci="0" mb="0" cb="0"/><line nr="1254" mi="2" ci="0" mb="0" cb="0"/><line nr="1270" mi="6" ci="0" mb="0" cb="0"/><line nr="1286" mi="6" ci="0" mb="0" cb="0"/><line nr="1301" mi="3" ci="0" mb="2" cb="0"/><line nr="1302" mi="2" ci="0" mb="0" cb="0"/><line nr="1304" mi="8" ci="0" mb="2" cb="0"/><line nr="1305" mi="5" ci="0" mb="2" cb="0"/><line nr="1306" mi="2" ci="0" mb="0" cb="0"/><line nr="1309" mi="2" ci="0" mb="0" cb="0"/><line nr="1326" mi="3" ci="0" mb="2" cb="0"/><line nr="1327" mi="2" ci="0" mb="0" cb="0"/><line nr="1329" mi="3" ci="0" mb="0" cb="0"/><line nr="1330" mi="3" ci="0" mb="0" cb="0"/><line nr="1331" mi="2" ci="0" mb="0" cb="0"/><line nr="1332" mi="2" ci="0" mb="0" cb="0"/><line nr="1333" mi="2" ci="0" mb="0" cb="0"/><line nr="1334" mi="2" ci="0" mb="0" cb="0"/><line nr="1336" mi="9" ci="0" mb="2" cb="0"/><line nr="1337" mi="17" ci="0" mb="6" cb="0"/><line nr="1338" mi="4" ci="0" mb="0" cb="0"/><line nr="1339" mi="3" ci="0" mb="2" cb="0"/><line nr="1340" mi="2" ci="0" mb="0" cb="0"/><line nr="1343" mi="6" ci="0" mb="2" cb="0"/><line nr="1344" mi="30" ci="0" mb="12" cb="0"/><line nr="1347" mi="2" ci="0" mb="0" cb="0"/><line nr="1350" mi="2" ci="0" mb="0" cb="0"/><line nr="1352" mi="1" ci="0" mb="0" cb="0"/><line nr="1354" mi="2" ci="0" mb="0" cb="0"/><line nr="1357" mi="12" ci="0" mb="8" cb="0"/><line nr="1358" mi="10" ci="0" mb="4" cb="0"/><line nr="1359" mi="2" ci="0" mb="0" cb="0"/><line nr="1360" mi="3" ci="0" mb="0" cb="0"/><line nr="1362" mi="5" ci="0" mb="2" cb="0"/><line nr="1363" mi="4" ci="0" mb="4" cb="0"/><line nr="1365" mi="2" ci="0" mb="0" cb="0"/><line nr="1367" mi="3" ci="0" mb="0" cb="0"/><line nr="1368" mi="10" ci="0" mb="4" cb="0"/><line nr="1370" mi="2" ci="0" mb="2" cb="0"/><line nr="1372" mi="2" ci="0" mb="0" cb="0"/><line nr="1374" mi="2" ci="0" mb="2" cb="0"/><line nr="1375" mi="2" ci="0" mb="0" cb="0"/><line nr="1377" mi="2" ci="0" mb="0" cb="0"/><line nr="1378" mi="3" ci="0" mb="0" cb="0"/><line nr="1379" mi="10" ci="0" mb="4" cb="0"/><line nr="1380" mi="2" ci="0" mb="2" cb="0"/><line nr="1381" mi="2" ci="0" mb="0" cb="0"/><line nr="1383" mi="2" ci="0" mb="0" cb="0"/><line nr="1384" mi="3" ci="0" mb="0" cb="0"/><line nr="1386" mi="2" ci="0" mb="0" cb="0"/><line nr="1388" mi="2" ci="0" mb="0" cb="0"/><line nr="1390" mi="4" ci="0" mb="2" cb="0"/><line nr="1391" mi="10" ci="0" mb="4" cb="0"/><line nr="1393" mi="2" ci="0" mb="0" cb="0"/><line nr="1395" mi="10" ci="0" mb="4" cb="0"/><line nr="1397" mi="2" ci="0" mb="0" cb="0"/><line nr="1399" mi="5" ci="0" mb="2" cb="0"/><line nr="1400" mi="4" ci="0" mb="4" cb="0"/><line nr="1402" mi="2" ci="0" mb="0" cb="0"/><line nr="1405" mi="2" ci="0" mb="0" cb="0"/><line nr="1407" mi="22" ci="0" mb="10" cb="0"/><line nr="1412" mi="2" ci="0" mb="0" cb="0"/><line nr="1414" mi="10" ci="0" mb="4" cb="0"/><line nr="1417" mi="10" ci="0" mb="6" cb="0"/><line nr="1420" mi="2" ci="0" mb="0" cb="0"/><line nr="1424" mi="8" ci="0" mb="4" cb="0"/><counter type="INSTRUCTION" missed="1488" covered="0"/><counter type="BRANCH" missed="338" covered="0"/><counter type="LINE" missed="375" covered="0"/><counter type="COMPLEXITY" missed="219" covered="0"/><counter type="METHOD" missed="49" covered="0"/><counter type="CLASS" missed="1" covered="0"/></sourcefile><counter type="INSTRUCTION" missed="1488" covered="0"/><counter type="BRANCH" missed="338" covered="0"/><counter type="LINE" missed="375" covered="0"/><counter type="COMPLEXITY" missed="219" covered="0"/><counter type="METHOD" missed="49" covered="0"/><counter type="CLASS" missed="1" covered="0"/></package><counter type="INSTRUCTION" missed="1488" covered="0"/><counter type="BRANCH" missed="338" covered="0"/><counter type="LINE" missed="375" covered="0"/><counter type="COMPLEXITY" missed="219" covered="0"/><counter type="METHOD" missed="49" covered="0"/><counter type="CLASS" missed="1" covered="0"/></report>