<?xml version="1.0" encoding="UTF-8" standalone="yes"?><!DOCTYPE report PUBLIC "-//JACOCO//DTD Report 1.1//EN" "report.dtd"><report name="JaCoCo Coverage Report"><sessioninfo id="e40a65566ca2-e2836914" start="1790252207145" dump="1790252211945"/><package name="org/apache/commons/lang3/math"><class name="org/apache/commons/lang3/math/NumberUtils" sourcefilename="NumberUtils.java"><method name="&lt;init&gt;" desc="()V" line="78"><counter type="INSTRUCTION" missed="0" covered="3"/><counter type="LINE" missed="0" covered="2"/><counter type="COMPLEXITY" missed="0" covered="1"/><counter type="METHOD" missed="0" covered="1"/></method><method name="toInt" desc="(Ljava/lang/String;)I" line="100"><counter type="INSTRUCTION" missed="0" covered="4"/><counter type="LINE" missed="0" covered="1"/><counter type="COMPLEXITY" missed="0" covered="1"/><counter type="METHOD" missed="0" covered="1"/></method><method name="toInt" desc="(Ljava/lang/String;I)I" line="121"><counter type="INSTRUCTION" missed="3" covered="7"/><counter type="BRANCH" missed="0" covered="2"/><counter type="LINE" missed="1" covered="4"/><counter type="COMPLEXITY" missed="0" covered="2"/><counter type="METHOD" missed="0" covered="1"/></method><method name="toLong" desc="(Ljava/lang/String;)J" line="149"><counter type="INSTRUCTION" missed="0" covered="4"/><counter type="LINE" missed="0" covered="1"/><counter type="COMPLEXITY" missed="0" covered="1"/><counter type="METHOD" missed="0" covered="1"/></method><method name="toLong" desc="(Ljava/lang/String;J)J" line="170"><counter type="INSTRUCTION" missed="3" covered="7"/><counter type="BRANCH" missed="0" covered="2"/><counter type="LINE" missed="1" covered="4"/><counter type="COMPLEXITY" missed="0" covered="2"/><counter type="METHOD" missed="0" covered="1"/></method><method name="toFloat" desc="(Ljava/lang/String;)F" line="199"><counter type="INSTRUCTION" missed="0" covered="4"/><counter type="LINE" missed="0" covered="1"/><counter type="COMPLEXITY" missed="0" covered="1"/><counter type="METHOD" missed="0" covered="1"/></method><method name="toFloat" desc="(Ljava/lang/String;F)F" line="222"><counter type="INSTRUCTION" missed="3" covered="7"/><counter type="BRANCH" missed="0" covered="2"/><counter type="LINE" missed="1" covered="4"/><counter type="COMPLEXITY" missed="0" covered="2"/><counter type="METHOD" missed="0" covered="1"/></method><method name="toDouble" desc="(Ljava/lang/String;)D" line="251"><counter type="INSTRUCTION" missed="0" covered="4"/><counter type="LINE" missed="0" covered="1"/><counter type="COMPLEXITY" missed="0" covered="1"/><counter type="METHOD" missed="0" covered="1"/></method><method name="toDouble" desc="(Ljava/lang/String;D)D" line="274"><counter type="INSTRUCTION" missed="3" covered="7"/><counter type="BRANCH" missed="0" covered="2"/><counter type="LINE" missed="1" covered="4"/><counter type="COMPLEXITY" missed="0" covered="2"/><counter type="METHOD" missed="0" covered="1"/></method><method name="toByte" desc="(Ljava/lang/String;)B" line="303"><counter type="INSTRUCTION" missed="0" covered="4"/><counter type="LINE" missed="0" covered="1"/><counter type="COMPLEXITY" missed="0" covered="1"/><counter type="METHOD" missed="0" covered="1"/></method><method name="toByte" desc="(Ljava/lang/String;B)B" line="324"><counter type="INSTRUCTION" missed="3" covered="7"/><counter type="BRANCH" missed="0" covered="2"/><counter type="LINE" missed="1" covered="4"/><counter type="COMPLEXITY" missed="0" covered="2"/><counter type="METHOD" missed="0" covered="1"/></method><method name="toShort" desc="(Ljava/lang/String;)S" line="352"><counter type="INSTRUCTION" missed="0" covered="4"/><counter type="LINE" missed="0" covered="1"/><counter type="COMPLEXITY" missed="0" covered="1"/><counter type="METHOD" missed="0" covered="1"/></method><method name="toShort" desc="(Ljava/lang/String;S)S" line="373"><counter type="INSTRUCTION" missed="3" covered="7"/><counter type="BRANCH" missed="0" covered="2"/><counter type="LINE" missed="1" covered="4"/><counter type="COMPLEXITY" missed="0" covered="2"/><counter type="METHOD" missed="0" covered="1"/></method><method name="createNumber" desc="(Ljava/lang/String;)Ljava/lang/Number;" line="451"><counter type="INSTRUCTION" missed="60" covered="382"/><counter type="BRANCH" missed="17" covered="87"/><counter type="LINE" missed="18" covered="71"/><counter type="COMPLEXITY" missed="11" covered="43"/><counter type="METHOD" missed="0" covered="1"/></method><method name="isAllZeros" desc="(Ljava/lang/String;)Z" line="634"><counter type="INSTRUCTION" missed="0" covered="27"/><counter type="BRANCH" missed="0" covered="8"/><counter type="LINE" missed="0" covered="6"/><counter type="COMPLEXITY" missed="0" covered="5"/><counter type="METHOD" missed="0" covered="1"/></method><method name="createFloat" desc="(Ljava/lang/String;)Ljava/lang/Float;" line="656"><counter type="INSTRUCTION" missed="0" covered="7"/><counter type="BRANCH" missed="0" covered="2"/><counter type="LINE" missed="0" covered="3"/><counter type="COMPLEXITY" missed="0" covered="2"/><counter type="METHOD" missed="0" covered="1"/></method><method name="createDouble" desc="(Ljava/lang/String;)Ljava/lang/Double;" line="672"><counter type="INSTRUCTION" missed="0" covered="7"/><counter type="BRANCH" missed="0" covered="2"/><counter type="LINE" missed="0" covered="3"/><counter type="COMPLEXITY" missed="0" covered="2"/><counter type="METHOD" missed="0" covered="1"/></method><method name="createInteger" desc="(Ljava/lang/String;)Ljava/lang/Integer;" line="689"><counter type="INSTRUCTION" missed="3" covered="4"/><counter type="BRANCH" missed="1" covered="1"/><counter type="LINE" missed="1" covered="2"/><counter type="COMPLEXITY" missed="1" covered="1"/><counter type="METHOD" missed="0" covered="1"/></method><method name="createLong" desc="(Ljava/lang/String;)Ljava/lang/Long;" line="707"><counter type="INSTRUCTION" missed="0" covered="7"/><counter type="BRANCH" missed="0" covered="2"/><counter type="LINE" missed="0" covered="3"/><counter type="COMPLEXITY" missed="0" covered="2"/><counter type="METHOD" missed="0" covered="1"/></method><method name="createBigInteger" desc="(Ljava/lang/String;)Ljava/math/BigInteger;" line="724"><counter type="INSTRUCTION" missed="0" covered="70"/><counter type="BRANCH" missed="1" covered="15"/><counter type="LINE" missed="0" covered="19"/><counter type="COMPLEXITY" missed="1" covered="8"/><counter type="METHOD" missed="0" covered="1"/></method><method name="createBigDecimal" desc="(Ljava/lang/String;)Ljava/math/BigDecimal;" line="759"><counter type="INSTRUCTION" missed="0" covered="34"/><counter type="BRANCH" missed="0" covered="6"/><counter type="LINE" missed="0" covered="7"/><counter type="COMPLEXITY" missed="0" covered="4"/><counter type="METHOD" missed="0" covered="1"/></method><method name="min" desc="([J)J" line="788"><counter type="INSTRUCTION" missed="0" covered="26"/><counter type="BRANCH" missed="0" covered="4"/><counter type="LINE" missed="0" covered="6"/><counter type="COMPLEXITY" missed="0" covered="3"/><counter type="METHOD" missed="0" covered="1"/></method><method name="min" desc="([I)I" line="811"><counter type="INSTRUCTION" missed="0" covered="25"/><counter type="BRANCH" missed="0" covered="4"/><counter type="LINE" missed="0" covered="6"/><counter type="COMPLEXITY" missed="0" covered="3"/><counter type="METHOD" missed="0" covered="1"/></method><method name="min" desc="([S)S" line="834"><counter type="INSTRUCTION" missed="0" covered="25"/><counter type="BRANCH" missed="0" covered="4"/><counter type="LINE" missed="0" covered="6"/><counter type="COMPLEXITY" missed="0" covered="3"/><counter type="METHOD" missed="0" covered="1"/></method><method name="min" desc="([B)B" line="857"><counter type="INSTRUCTION" missed="0" covered="25"/><counter type="BRANCH" missed="0" covered="4"/><counter type="LINE" missed="0" covered="6"/><counter type="COMPLEXITY" missed="0" covered="3"/><counter type="METHOD" missed="0" covered="1"/></method><method name="min" desc="([D)D" line="881"><counter type="INSTRUCTION" missed="0" covered="33"/><counter type="BRANCH" missed="0" covered="6"/><counter type="LINE" missed="0" covered="8"/><counter type="COMPLEXITY" missed="0" covered="4"/><counter type="METHOD" missed="0" covered="1"/></method><method name="min" desc="([F)F" line="908"><counter type="INSTRUCTION" missed="0" covered="33"/><counter type="BRANCH" missed="0" covered="6"/><counter type="LINE" missed="0" covered="8"/><counter type="COMPLEXITY" missed="0" covered="4"/><counter type="METHOD" missed="0" covered="1"/></method><method name="max" desc="([J)J" line="936"><counter type="INSTRUCTION" missed="0" covered="26"/><counter type="BRANCH" missed="0" covered="4"/><counter type="LINE" missed="0" covered="6"/><counter type="COMPLEXITY" missed="0" covered="3"/><counter type="METHOD" missed="0" covered="1"/></method><method name="max" desc="([I)I" line="959"><counter type="INSTRUCTION" missed="0" covered="25"/><counter type="BRANCH" missed="0" covered="4"/><counter type="LINE" missed="0" covered="6"/><counter type="COMPLEXITY" missed="0" covered="3"/><counter type="METHOD" missed="0" covered="1"/></method><method name="max" desc="([S)S" line="982"><counter type="INSTRUCTION" missed="0" covered="25"/><counter type="BRANCH" missed="0" covered="4"/><counter type="LINE" missed="0" covered="6"/><counter type="COMPLEXITY" missed="0" covered="3"/><counter type="METHOD" missed="0" covered="1"/></method><method name="max" desc="([B)B" line="1005"><counter type="INSTRUCTION" missed="0" covered="25"/><counter type="BRANCH" missed="0" covered="4"/><counter type="LINE" missed="0" covered="6"/><counter type="COMPLEXITY" missed="0" covered="3"/><counter type="METHOD" missed="0" covered="1"/></method><method name="max" desc="([D)D" line="1029"><counter type="INSTRUCTION" missed="0" covered="33"/><counter type="BRANCH" missed="0" covered="6"/><counter type="LINE" missed="0" covered="8"/><counter type="COMPLEXITY" missed="0" covered="4"/><counter type="METHOD" missed="0" covered="1"/></method><method name="max" desc="([F)F" line="1056"><counter type="INSTRUCTION" missed="0" covered="33"/><counter type="BRANCH" missed="0" covered="6"/><counter type="LINE" missed="0" covered="8"/><counter type="COMPLEXITY" missed="0" covered="4"/><counter type="METHOD" missed="0" covered="1"/></method><method name="validateArray" desc="(Ljava/lang/Object;)V" line="1079"><counter type="INSTRUCTION" missed="0" covered="16"/><counter type="BRANCH" missed="0" covered="4"/><counter type="LINE" missed="0" covered="5"/><counter type="COMPLEXITY" missed="0" covered="3"/><counter type="METHOD" missed="0" covered="1"/></method><method name="min" desc="(JJJ)J" line="1097"><counter type="INSTRUCTION" missed="0" covered="14"/><counter type="BRANCH" missed="0" covered="4"/><counter type="LINE" missed="0" covered="5"/><counter type="COMPLEXITY" missed="0" covered="3"/><counter type="METHOD" missed="0" covered="1"/></method><method name="min" desc="(III)I" line="1115"><counter type="INSTRUCTION" missed="0" covered="12"/><counter type="BRANCH" missed="0" covered="4"/><counter type="LINE" missed="0" covered="5"/><counter type="COMPLEXITY" missed="0" covered="3"/><counter type="METHOD" missed="0" covered="1"/></method><method name="min" desc="(SSS)S" line="1133"><counter type="INSTRUCTION" missed="0" covered="12"/><counter type="BRANCH" missed="0" covered="4"/><counter type="LINE" missed="0" covered="5"/><counter type="COMPLEXITY" missed="0" covered="3"/><counter type="METHOD" missed="0" covered="1"/></method><method name="min" desc="(BBB)B" line="1151"><counter type="INSTRUCTION" missed="0" covered="12"/><counter type="BRANCH" missed="0" covered="4"/><counter type="LINE" missed="0" covered="5"/><counter type="COMPLEXITY" missed="0" covered="3"/><counter type="METHOD" missed="0" covered="1"/></method><method name="min" desc="(DDD)D" line="1173"><counter type="INSTRUCTION" missed="0" covered="6"/><counter type="LINE" missed="0" covered="1"/><counter type="COMPLEXITY" missed="0" covered="1"/><counter type="METHOD" missed="0" covered="1"/></method><method name="min" desc="(FFF)F" line="1189"><counter type="INSTRUCTION" missed="0" covered="6"/><counter type="LINE" missed="0" covered="1"/><counter type="COMPLEXITY" missed="0" covered="1"/><counter type="METHOD" missed="0" covered="1"/></method><method name="max" desc="(JJJ)J" line="1203"><counter type="INSTRUCTION" missed="0" covered="14"/><counter type="BRANCH" missed="0" covered="4"/><counter type="LINE" missed="0" covered="5"/><counter type="COMPLEXITY" missed="0" covered="3"/><counter type="METHOD" missed="0" covered="1"/></method><method name="max" desc="(III)I" line="1221"><counter type="INSTRUCTION" missed="0" covered="12"/><counter type="BRANCH" missed="0" covered="4"/><counter type="LINE" missed="0" covered="5"/><counter type="COMPLEXITY" missed="0" covered="3"/><counter type="METHOD" missed="0" covered="1"/></method><method name="max" desc="(SSS)S" line="1239"><counter type="INSTRUCTION" missed="0" covered="12"/><counter type="BRANCH" missed="0" covered="4"/><counter type="LINE" missed="0" covered="5"/><counter type="COMPLEXITY" missed="0" covered="3"/><counter type="METHOD" missed="0" covered="1"/></method><method name="max" desc="(BBB)B" line="1257"><counter type="INSTRUCTION" missed="0" covered="12"/><counter type="BRANCH" missed="0" covered="4"/><counter type="LINE" missed="0" covered="5"/><counter type="COMPLEXITY" missed="0" covered="3"/><counter type="METHOD" missed="0" covered="1"/></method><method name="max" desc="(DDD)D" line="1279"><counter type="INSTRUCTION" missed="0" covered="6"/><counter type="LINE" missed="0" covered="1"/><counter type="COMPLEXITY" missed="0" covered="1"/><counter type="METHOD" missed="0" covered="1"/></method><method name="max" desc="(FFF)F" line="1295"><counter type="INSTRUCTION" missed="0" covered="6"/><counter type="LINE" missed="0" covered="1"/><counter type="COMPLEXITY" missed="0" covered="1"/><counter type="METHOD" missed="0" covered="1"/></method><method name="isDigits" desc="(Ljava/lang/String;)Z" line="1310"><counter type="INSTRUCTION" missed="0" covered="22"/><counter type="BRANCH" missed="0" covered="6"/><counter type="LINE" missed="0" covered="6"/><counter type="COMPLEXITY" missed="0" covered="4"/><counter type="METHOD" missed="0" covered="1"/></method><method name="isNumber" desc="(Ljava/lang/String;)Z" line="1335"><counter type="INSTRUCTION" missed="9" covered="270"/><counter type="BRANCH" missed="7" covered="91"/><counter type="LINE" missed="3" covered="53"/><counter type="COMPLEXITY" missed="7" covered="43"/><counter type="METHOD" missed="0" covered="1"/></method><method name="&lt;clinit&gt;" desc="()V" line="34"><counter type="INSTRUCTION" missed="0" covered="55"/><counter type="LINE" missed="0" covered="18"/><counter type="COMPLEXITY" missed="0" covered="1"/><counter type="METHOD" missed="0" covered="1"/></method><counter type="INSTRUCTION" missed="90" covered="1428"/><counter type="BRANCH" missed="26" covered="324"/><counter type="LINE" missed="28" covered="352"/><counter type="COMPLEXITY" missed="20" covered="205"/><counter type="METHOD" missed="0" covered="49"/><counter type="CLASS" missed="0" covered="1"/></class><sourcefile name="NumberUtils.java"><line nr="34" mi="0" ci="3" mb="0" cb="0"/><line nr="36" mi="0" ci="3" mb="0" cb="0"/><line nr="38" mi="0" ci="3" mb="0" cb="0"/><line nr="40" mi="0" ci="3" mb="0" cb="0"/><line nr="42" mi="0" ci="3" mb="0" cb="0"/><line nr="44" mi="0" ci="3" mb="0" cb="0"/><line nr="46" mi="0" ci="3" mb="0" cb="0"/><line nr="48" mi="0" ci="3" mb="0" cb="0"/><line nr="50" mi="0" ci="3" mb="0" cb="0"/><line nr="52" mi="0" ci="3" mb="0" cb="0"/><line nr="54" mi="0" ci="3" mb="0" cb="0"/><line nr="56" mi="0" ci="3" mb="0" cb="0"/><line nr="58" mi="0" ci="3" mb="0" cb="0"/><line nr="60" mi="0" ci="3" mb="0" cb="0"/><line nr="62" mi="0" ci="3" mb="0" cb="0"/><line nr="64" mi="0" ci="3" mb="0" cb="0"/><line nr="66" mi="0" ci="3" mb="0" cb="0"/><line nr="68" mi="0" ci="4" mb="0" cb="0"/><line nr="78" mi="0" ci="2" mb="0" cb="0"/><line nr="79" mi="0" ci="1" mb="0" cb="0"/><line nr="100" mi="0" ci="4" mb="0" cb="0"/><line nr="121" mi="0" ci="2" mb="0" cb="2"/><line nr="122" mi="0" ci="2" mb="0" cb="0"/><line nr="125" mi="3" ci="0" mb="0" cb="0"/><line nr="126" mi="0" ci="1" mb="0" cb="0"/><line nr="127" mi="0" ci="2" mb="0" cb="0"/><line nr="149" mi="0" ci="4" mb="0" cb="0"/><line nr="170" mi="0" ci="2" mb="0" cb="2"/><line nr="171" mi="0" ci="2" mb="0" cb="0"/><line nr="174" mi="3" ci="0" mb="0" cb="0"/><line nr="175" mi="0" ci="1" mb="0" cb="0"/><line nr="176" mi="0" ci="2" mb="0" cb="0"/><line nr="199" mi="0" ci="4" mb="0" cb="0"/><line nr="222" mi="0" ci="2" mb="0" cb="2"/><line nr="223" mi="0" ci="2" mb="0" cb="0"/><line nr="226" mi="3" ci="0" mb="0" cb="0"/><line nr="227" mi="0" ci="1" mb="0" cb="0"/><line nr="228" mi="0" ci="2" mb="0" cb="0"/><line nr="251" mi="0" ci="4" mb="0" cb="0"/><line nr="274" mi="0" ci="2" mb="0" cb="2"/><line nr="275" mi="0" ci="2" mb="0" cb="0"/><line nr="278" mi="3" ci="0" mb="0" cb="0"/><line nr="279" mi="0" ci="1" mb="0" cb="0"/><line nr="280" mi="0" ci="2" mb="0" cb="0"/><line nr="303" mi="0" ci="4" mb="0" cb="0"/><line nr="324" mi="0" ci="2" mb="0" cb="2"/><line nr="325" mi="0" ci="2" mb="0" cb="0"/><line nr="328" mi="3" ci="0" mb="0" cb="0"/><line nr="329" mi="0" ci="1" mb="0" cb="0"/><line nr="330" mi="0" ci="2" mb="0" cb="0"/><line nr="352" mi="0" ci="4" mb="0" cb="0"/><line nr="373" mi="0" ci="2" mb="0" cb="2"/><line nr="374" mi="0" ci="2" mb="0" cb="0"/><line nr="377" mi="3" ci="0" mb="0" cb="0"/><line nr="378" mi="0" ci="1" mb="0" cb="0"/><line nr="379" mi="0" ci="2" mb="0" cb="0"/><line nr="451" mi="0" ci="2" mb="0" cb="2"/><line nr="452" mi="0" ci="2" mb="0" cb="0"/><line nr="454" mi="0" ci="3" mb="0" cb="2"/><line nr="455" mi="0" ci="5" mb="0" cb="0"/><line nr="458" mi="0" ci="27" mb="0" cb="0"/><line nr="459" mi="0" ci="2" mb="0" cb="0"/><line nr="460" mi="0" ci="16" mb="0" cb="2"/><line nr="461" mi="0" ci="4" mb="0" cb="2"/><line nr="462" mi="0" ci="5" mb="0" cb="0"/><line nr="463" mi="0" ci="1" mb="0" cb="0"/><line nr="466" mi="0" ci="2" mb="0" cb="2"/><line nr="467" mi="0" ci="2" mb="0" cb="0"/><line nr="468" mi="0" ci="8" mb="0" cb="2"/><line nr="469" mi="0" ci="4" mb="0" cb="0"/><line nr="470" mi="0" ci="3" mb="0" cb="2"/><line nr="471" mi="0" ci="1" mb="0" cb="0"/><line nr="476" mi="0" ci="5" mb="0" cb="0"/><line nr="477" mi="0" ci="9" mb="0" cb="6"/><line nr="478" mi="3" ci="0" mb="0" cb="0"/><line nr="480" mi="0" ci="9" mb="0" cb="6"/><line nr="481" mi="3" ci="0" mb="0" cb="0"/><line nr="483" mi="3" ci="0" mb="0" cb="0"/><line nr="485" mi="0" ci="7" mb="0" cb="0"/><line nr="489" mi="0" ci="4" mb="0" cb="0"/><line nr="490" mi="0" ci="10" mb="0" cb="0"/><line nr="494" mi="0" ci="2" mb="0" cb="0"/><line nr="495" mi="0" ci="3" mb="0" cb="2"/><line nr="497" mi="0" ci="3" mb="0" cb="2"/><line nr="498" mi="0" ci="7" mb="0" cb="4"/><line nr="499" mi="0" ci="12" mb="0" cb="0"/><line nr="501" mi="0" ci="8" mb="0" cb="0"/><line nr="503" mi="0" ci="6" mb="0" cb="0"/><line nr="505" mi="0" ci="5" mb="0" cb="0"/><line nr="506" mi="0" ci="4" mb="0" cb="0"/><line nr="508" mi="0" ci="3" mb="0" cb="2"/><line nr="509" mi="0" ci="4" mb="0" cb="2"/><line nr="510" mi="0" ci="12" mb="0" cb="0"/><line nr="512" mi="0" ci="6" mb="0" cb="0"/><line nr="514" mi="0" ci="2" mb="0" cb="0"/><line nr="516" mi="0" ci="2" mb="0" cb="0"/><line nr="518" mi="0" ci="6" mb="0" cb="4"/><line nr="519" mi="0" ci="9" mb="0" cb="4"/><line nr="520" mi="0" ci="11" mb="0" cb="0"/><line nr="522" mi="0" ci="2" mb="0" cb="0"/><line nr="525" mi="0" ci="8" mb="0" cb="0"/><line nr="526" mi="0" ci="10" mb="0" cb="4"/><line nr="527" mi="0" ci="2" mb="0" cb="4"/><line nr="530" mi="0" ci="6" mb="0" cb="4"/><line nr="532" mi="0" ci="11" mb="0" cb="6"/><line nr="534" mi="0" ci="3" mb="0" cb="0"/><line nr="535" mi="1" ci="0" mb="0" cb="0"/><line nr="538" mi="3" ci="0" mb="0" cb="0"/><line nr="541" mi="0" ci="12" mb="0" cb="0"/><line nr="545" mi="3" ci="0" mb="0" cb="0"/><line nr="546" mi="10" ci="0" mb="6" cb="0"/><line nr="549" mi="2" ci="0" mb="0" cb="0"/><line nr="552" mi="0" ci="1" mb="0" cb="0"/><line nr="554" mi="1" ci="0" mb="0" cb="0"/><line nr="559" mi="3" ci="0" mb="0" cb="0"/><line nr="560" mi="11" ci="0" mb="6" cb="0"/><line nr="561" mi="2" ci="0" mb="0" cb="0"/><line nr="563" mi="0" ci="1" mb="0" cb="0"/><line nr="565" mi="1" ci="0" mb="0" cb="0"/><line nr="567" mi="3" ci="0" mb="0" cb="0"/><line nr="568" mi="0" ci="1" mb="0" cb="0"/><line nr="573" mi="0" ci="12" mb="0" cb="0"/><line nr="579" mi="0" ci="9" mb="0" cb="4"/><line nr="580" mi="0" ci="9" mb="0" cb="0"/><line nr="582" mi="0" ci="2" mb="0" cb="0"/><line nr="584" mi="0" ci="4" mb="0" cb="4"/><line nr="587" mi="3" ci="0" mb="0" cb="0"/><line nr="588" mi="0" ci="1" mb="0" cb="0"/><line nr="592" mi="3" ci="0" mb="0" cb="0"/><line nr="593" mi="0" ci="1" mb="0" cb="0"/><line nr="596" mi="3" ci="0" mb="0" cb="0"/><line nr="600" mi="0" ci="10" mb="1" cb="3"/><line nr="602" mi="0" ci="3" mb="0" cb="2"/><line nr="603" mi="0" ci="3" mb="0" cb="0"/><line nr="604" mi="0" ci="10" mb="1" cb="5"/><line nr="605" mi="0" ci="2" mb="0" cb="0"/><line nr="608" mi="0" ci="1" mb="0" cb="0"/><line nr="610" mi="0" ci="1" mb="0" cb="0"/><line nr="612" mi="0" ci="3" mb="0" cb="2"/><line nr="613" mi="0" ci="3" mb="0" cb="0"/><line nr="614" mi="0" ci="10" mb="3" cb="3"/><line nr="615" mi="2" ci="0" mb="0" cb="0"/><line nr="618" mi="0" ci="1" mb="0" cb="0"/><line nr="620" mi="0" ci="1" mb="0" cb="0"/><line nr="622" mi="0" ci="3" mb="0" cb="0"/><line nr="634" mi="0" ci="2" mb="0" cb="2"/><line nr="635" mi="0" ci="2" mb="0" cb="0"/><line nr="637" mi="0" ci="9" mb="0" cb="2"/><line nr="638" mi="0" ci="5" mb="0" cb="2"/><line nr="639" mi="0" ci="2" mb="0" cb="0"/><line nr="642" mi="0" ci="7" mb="0" cb="2"/><line nr="656" mi="0" ci="2" mb="0" cb="2"/><line nr="657" mi="0" ci="2" mb="0" cb="0"/><line nr="659" mi="0" ci="3" mb="0" cb="0"/><line nr="672" mi="0" ci="2" mb="0" cb="2"/><line nr="673" mi="0" ci="2" mb="0" cb="0"/><line nr="675" mi="0" ci="3" mb="0" cb="0"/><line nr="689" mi="0" ci="2" mb="1" cb="1"/><line nr="690" mi="0" ci="2" mb="0" cb="0"/><line nr="693" mi="3" ci="0" mb="0" cb="0"/><line nr="707" mi="0" ci="2" mb="0" cb="2"/><line nr="708" mi="0" ci="2" mb="0" cb="0"/><line nr="710" mi="0" ci="3" mb="0" cb="0"/><line nr="724" mi="0" ci="2" mb="0" cb="2"/><line nr="725" mi="0" ci="2" mb="0" cb="0"/><line nr="727" mi="0" ci="2" mb="0" cb="0"/><line nr="728" mi="0" ci="2" mb="0" cb="0"/><line nr="729" mi="0" ci="2" mb="0" cb="0"/><line nr="730" mi="0" ci="4" mb="0" cb="2"/><line nr="731" mi="0" ci="2" mb="0" cb="0"/><line nr="732" mi="0" ci="2" mb="0" cb="0"/><line nr="734" mi="0" ci="10" mb="1" cb="3"/><line nr="735" mi="0" ci="2" mb="0" cb="0"/><line nr="736" mi="0" ci="2" mb="0" cb="0"/><line nr="737" mi="0" ci="5" mb="0" cb="2"/><line nr="738" mi="0" ci="2" mb="0" cb="0"/><line nr="739" mi="0" ci="2" mb="0" cb="0"/><line nr="740" mi="0" ci="11" mb="0" cb="4"/><line nr="741" mi="0" ci="2" mb="0" cb="0"/><line nr="742" mi="0" ci="1" mb="0" cb="0"/><line nr="745" mi="0" ci="8" mb="0" cb="0"/><line nr="746" mi="0" ci="7" mb="0" cb="2"/><line nr="759" mi="0" ci="2" mb="0" cb="2"/><line nr="760" mi="0" ci="2" mb="0" cb="0"/><line nr="763" mi="0" ci="3" mb="0" cb="2"/><line nr="764" mi="0" ci="5" mb="0" cb="0"/><line nr="766" mi="0" ci="5" mb="0" cb="2"/><line nr="771" mi="0" ci="12" mb="0" cb="0"/><line nr="773" mi="0" ci="5" mb="0" cb="0"/><line nr="788" mi="0" ci="2" mb="0" cb="0"/><line nr="791" mi="0" ci="4" mb="0" cb="0"/><line nr="792" mi="0" ci="8" mb="0" cb="2"/><line nr="793" mi="0" ci="6" mb="0" cb="2"/><line nr="794" mi="0" ci="4" mb="0" cb="0"/><line nr="798" mi="0" ci="2" mb="0" cb="0"/><line nr="811" mi="0" ci="2" mb="0" cb="0"/><line nr="814" mi="0" ci="4" mb="0" cb="0"/><line nr="815" mi="0" ci="8" mb="0" cb="2"/><line nr="816" mi="0" ci="5" mb="0" cb="2"/><line nr="817" mi="0" ci="4" mb="0" cb="0"/><line nr="821" mi="0" ci="2" mb="0" cb="0"/><line nr="834" mi="0" ci="2" mb="0" cb="0"/><line nr="837" mi="0" ci="4" mb="0" cb="0"/><line nr="838" mi="0" ci="8" mb="0" cb="2"/><line nr="839" mi="0" ci="5" mb="0" cb="2"/><line nr="840" mi="0" ci="4" mb="0" cb="0"/><line nr="844" mi="0" ci="2" mb="0" cb="0"/><line nr="857" mi="0" ci="2" mb="0" cb="0"/><line nr="860" mi="0" ci="4" mb="0" cb="0"/><line nr="861" mi="0" ci="8" mb="0" cb="2"/><line nr="862" mi="0" ci="5" mb="0" cb="2"/><line nr="863" mi="0" ci="4" mb="0" cb="0"/><line nr="867" mi="0" ci="2" mb="0" cb="0"/><line nr="881" mi="0" ci="2" mb="0" cb="0"/><line nr="884" mi="0" ci="4" mb="0" cb="0"/><line nr="885" mi="0" ci="8" mb="0" cb="2"/><line nr="886" mi="0" ci="5" mb="0" cb="2"/><line nr="887" mi="0" ci="2" mb="0" cb="0"/><line nr="889" mi="0" ci="6" mb="0" cb="2"/><line nr="890" mi="0" ci="4" mb="0" cb="0"/><line nr="894" mi="0" ci="2" mb="0" cb="0"/><line nr="908" mi="0" ci="2" mb="0" cb="0"/><line nr="911" mi="0" ci="4" mb="0" cb="0"/><line nr="912" mi="0" ci="8" mb="0" cb="2"/><line nr="913" mi="0" ci="5" mb="0" cb="2"/><line nr="914" mi="0" ci="2" mb="0" cb="0"/><line nr="916" mi="0" ci="6" mb="0" cb="2"/><line nr="917" mi="0" ci="4" mb="0" cb="0"/><line nr="921" mi="0" ci="2" mb="0" cb="0"/><line nr="936" mi="0" ci="2" mb="0" cb="0"/><line nr="939" mi="0" ci="4" mb="0" cb="0"/><line nr="940" mi="0" ci="8" mb="0" cb="2"/><line nr="941" mi="0" ci="6" mb="0" cb="2"/><line nr="942" mi="0" ci="4" mb="0" cb="0"/><line nr="946" mi="0" ci="2" mb="0" cb="0"/><line nr="959" mi="0" ci="2" mb="0" cb="0"/><line nr="962" mi="0" ci="4" mb="0" cb="0"/><line nr="963" mi="0" ci="8" mb="0" cb="2"/><line nr="964" mi="0" ci="5" mb="0" cb="2"/><line nr="965" mi="0" ci="4" mb="0" cb="0"/><line nr="969" mi="0" ci="2" mb="0" cb="0"/><line nr="982" mi="0" ci="2" mb="0" cb="0"/><line nr="985" mi="0" ci="4" mb="0" cb="0"/><line nr="986" mi="0" ci="8" mb="0" cb="2"/><line nr="987" mi="0" ci="5" mb="0" cb="2"/><line nr="988" mi="0" ci="4" mb="0" cb="0"/><line nr="992" mi="0" ci="2" mb="0" cb="0"/><line nr="1005" mi="0" ci="2" mb="0" cb="0"/><line nr="1008" mi="0" ci="4" mb="0" cb="0"/><line nr="1009" mi="0" ci="8" mb="0" cb="2"/><line nr="1010" mi="0" ci="5" mb="0" cb="2"/><line nr="1011" mi="0" ci="4" mb="0" cb="0"/><line nr="1015" mi="0" ci="2" mb="0" cb="0"/><line nr="1029" mi="0" ci="2" mb="0" cb="0"/><line nr="1032" mi="0" ci="4" mb="0" cb="0"/><line nr="1033" mi="0" ci="8" mb="0" cb="2"/><line nr="1034" mi="0" ci="5" mb="0" cb="2"/><line nr="1035" mi="0" ci="2" mb="0" cb="0"/><line nr="1037" mi="0" ci="6" mb="0" cb="2"/><line nr="1038" mi="0" ci="4" mb="0" cb="0"/><line nr="1042" mi="0" ci="2" mb="0" cb="0"/><line nr="1056" mi="0" ci="2" mb="0" cb="0"/><line nr="1059" mi="0" ci="4" mb="0" cb="0"/><line nr="1060" mi="0" ci="8" mb="0" cb="2"/><line nr="1061" mi="0" ci="5" mb="0" cb="2"/><line nr="1062" mi="0" ci="2" mb="0" cb="0"/><line nr="1064" mi="0" ci="6" mb="0" cb="2"/><line nr="1065" mi="0" ci="4" mb="0" cb="0"/><line nr="1069" mi="0" ci="2" mb="0" cb="0"/><line nr="1079" mi="0" ci="2" mb="0" cb="2"/><line nr="1080" mi="0" ci="5" mb="0" cb="0"/><line nr="1081" mi="0" ci="3" mb="0" cb="2"/><line nr="1082" mi="0" ci="5" mb="0" cb="0"/><line nr="1084" mi="0" ci="1" mb="0" cb="0"/><line nr="1097" mi="0" ci="4" mb="0" cb="2"/><line nr="1098" mi="0" ci="2" mb="0" cb="0"/><line nr="1100" mi="0" ci="4" mb="0" cb="2"/><line nr="1101" mi="0" ci="2" mb="0" cb="0"/><line nr="1103" mi="0" ci="2" mb="0" cb="0"/><line nr="1115" mi="0" ci="3" mb="0" cb="2"/><line nr="1116" mi="0" ci="2" mb="0" cb="0"/><line nr="1118" mi="0" ci="3" mb="0" cb="2"/><line nr="1119" mi="0" ci="2" mb="0" cb="0"/><line nr="1121" mi="0" ci="2" mb="0" cb="0"/><line nr="1133" mi="0" ci="3" mb="0" cb="2"/><line nr="1134" mi="0" ci="2" mb="0" cb="0"/><line nr="1136" mi="0" ci="3" mb="0" cb="2"/><line nr="1137" mi="0" ci="2" mb="0" cb="0"/><line nr="1139" mi="0" ci="2" mb="0" cb="0"/><line nr="1151" mi="0" ci="3" mb="0" cb="2"/><line nr="1152" mi="0" ci="2" mb="0" cb="0"/><line nr="1154" mi="0" ci="3" mb="0" cb="2"/><line nr="1155" mi="0" ci="2" mb="0" cb="0"/><line nr="1157" mi="0" ci="2" mb="0" cb="0"/><line nr="1173" mi="0" ci="6" mb="0" cb="0"/><line nr="1189" mi="0" ci="6" mb="0" cb="0"/><line nr="1203" mi="0" ci="4" mb="0" cb="2"/><line nr="1204" mi="0" ci="2" mb="0" cb="0"/><line nr="1206" mi="0" ci="4" mb="0" cb="2"/><line nr="1207" mi="0" ci="2" mb="0" cb="0"/><line nr="1209" mi="0" ci="2" mb="0" cb="0"/><line nr="1221" mi="0" ci="3" mb="0" cb="2"/><line nr="1222" mi="0" ci="2" mb="0" cb="0"/><line nr="1224" mi="0" ci="3" mb="0" cb="2"/><line nr="1225" mi="0" ci="2" mb="0" cb="0"/><line nr="1227" mi="0" ci="2" mb="0" cb="0"/><line nr="1239" mi="0" ci="3" mb="0" cb="2"/><line nr="1240" mi="0" ci="2" mb="0" cb="0"/><line nr="1242" mi="0" ci="3" mb="0" cb="2"/><line nr="1243" mi="0" ci="2" mb="0" cb="0"/><line nr="1245" mi="0" ci="2" mb="0" cb="0"/><line nr="1257" mi="0" ci="3" mb="0" cb="2"/><line nr="1258" mi="0" ci="2" mb="0" cb="0"/><line nr="1260" mi="0" ci="3" mb="0" cb="2"/><line nr="1261" mi="0" ci="2" mb="0" cb="0"/><line nr="1263" mi="0" ci="2" mb="0" cb="0"/><line nr="1279" mi="0" ci="6" mb="0" cb="0"/><line nr="1295" mi="0" ci="6" mb="0" cb="0"/><line nr="1310" mi="0" ci="3" mb="0" cb="2"/><line nr="1311" mi="0" ci="2" mb="0" cb="0"/><line nr="1313" mi="0" ci="8" mb="0" cb="2"/><line nr="1314" mi="0" ci="5" mb="0" cb="2"/><line nr="1315" mi="0" ci="2" mb="0" cb="0"/><line nr="1318" mi="0" ci="2" mb="0" cb="0"/><line nr="1335" mi="0" ci="3" mb="0" cb="2"/><line nr="1336" mi="0" ci="2" mb="0" cb="0"/><line nr="1338" mi="0" ci="3" mb="0" cb="0"/><line nr="1339" mi="0" ci="3" mb="0" cb="0"/><line nr="1340" mi="0" ci="2" mb="0" cb="0"/><line nr="1341" mi="0" ci="2" mb="0" cb="0"/><line nr="1342" mi="0" ci="2" mb="0" cb="0"/><line nr="1343" mi="0" ci="2" mb="0" cb="0"/><line nr="1345" mi="0" ci="9" mb="0" cb="2"/><line nr="1346" mi="0" ci="17" mb="0" cb="6"/><line nr="1347" mi="0" ci="4" mb="0" cb="0"/><line nr="1348" mi="0" ci="3" mb="0" cb="2"/><line nr="1349" mi="0" ci="2" mb="0" cb="0"/><line nr="1352" mi="0" ci="6" mb="0" cb="2"/><line nr="1353" mi="0" ci="30" mb="0" cb="12"/><line nr="1356" mi="0" ci="2" mb="0" cb="0"/><line nr="1359" mi="0" ci="2" mb="0" cb="0"/><line nr="1361" mi="0" ci="1" mb="0" cb="0"/><line nr="1363" mi="0" ci="2" mb="0" cb="0"/><line nr="1366" mi="0" ci="12" mb="1" cb="7"/><line nr="1367" mi="0" ci="10" mb="0" cb="4"/><line nr="1368" mi="0" ci="2" mb="0" cb="0"/><line nr="1369" mi="0" ci="3" mb="0" cb="0"/><line nr="1371" mi="0" ci="5" mb="0" cb="2"/><line nr="1372" mi="0" ci="4" mb="0" cb="4"/><line nr="1374" mi="0" ci="2" mb="0" cb="0"/><line nr="1376" mi="0" ci="3" mb="0" cb="0"/><line nr="1377" mi="0" ci="10" mb="0" cb="4"/><line nr="1379" mi="0" ci="2" mb="1" cb="1"/><line nr="1381" mi="2" ci="0" mb="0" cb="0"/><line nr="1383" mi="0" ci="2" mb="0" cb="2"/><line nr="1384" mi="0" ci="2" mb="0" cb="0"/><line nr="1386" mi="0" ci="2" mb="0" cb="0"/><line nr="1387" mi="0" ci="3" mb="0" cb="0"/><line nr="1388" mi="0" ci="10" mb="0" cb="4"/><line nr="1389" mi="0" ci="2" mb="1" cb="1"/><line nr="1390" mi="0" ci="2" mb="0" cb="0"/><line nr="1392" mi="2" ci="0" mb="0" cb="0"/><line nr="1393" mi="3" ci="0" mb="0" cb="0"/><line nr="1395" mi="0" ci="2" mb="0" cb="0"/><line nr="1397" mi="0" ci="2" mb="0" cb="0"/><line nr="1399" mi="0" ci="4" mb="0" cb="2"/><line nr="1400" mi="0" ci="10" mb="0" cb="4"/><line nr="1402" mi="0" ci="2" mb="0" cb="0"/><line nr="1404" mi="0" ci="10" mb="0" cb="4"/><line nr="1406" mi="0" ci="2" mb="0" cb="0"/><line nr="1408" mi="0" ci="5" mb="0" cb="2"/><line nr="1409" mi="0" ci="4" mb="0" cb="4"/><line nr="1411" mi="0" ci="2" mb="0" cb="0"/><line nr="1414" mi="0" ci="2" mb="0" cb="0"/><line nr="1416" mi="0" ci="22" mb="0" cb="10"/><line nr="1421" mi="0" ci="2" mb="0" cb="0"/><line nr="1423" mi="0" ci="10" mb="0" cb="4"/><line nr="1426" mi="0" ci="10" mb="2" cb="4"/><line nr="1429" mi="0" ci="2" mb="0" cb="0"/><line nr="1433" mi="2" ci="6" mb="2" cb="2"/><counter type="INSTRUCTION" missed="90" covered="1428"/><counter type="BRANCH" missed="26" covered="324"/><counter type="LINE" missed="28" covered="352"/><counter type="COMPLEXITY" missed="20" covered="205"/><counter type="METHOD" missed="0" covered="49"/><counter type="CLASS" missed="0" covered="1"/></sourcefile><counter type="INSTRUCTION" missed="90" covered="1428"/><counter type="BRANCH" missed="26" covered="324"/><counter type="LINE" missed="28" covered="352"/><counter type="COMPLEXITY" missed="20" covered="205"/><counter type="METHOD" missed="0" covered="49"/><counter type="CLASS" missed="0" covered="1"/></package><counter type="INSTRUCTION" missed="90" covered="1428"/><counter type="BRANCH" missed="26" covered="324"/><counter type="LINE" missed="28" covered="352"/><counter type="COMPLEXITY" missed="20" covered="205"/><counter type="METHOD" missed="0" covered="49"/><counter type="CLASS" missed="0" covered="1"/></report>