<?xml version="1.0" encoding="UTF-8" standalone="yes"?><!DOCTYPE report PUBLIC "-//JACOCO//DTD Report 1.1//EN" "report.dtd"><report name="JaCoCo Coverage Report"><sessioninfo id="b10bb7357476-b8646652" start="1790251933425" dump="1790251937646"/><package name="org/apache/commons/lang3/math"><class name="org/apache/commons/lang3/math/NumberUtils" sourcefilename="NumberUtils.java"><method name="&lt;init&gt;" desc="()V" line="78"><counter type="INSTRUCTION" missed="3" covered="0"/><counter type="LINE" missed="2" covered="0"/><counter type="COMPLEXITY" missed="1" covered="0"/><counter type="METHOD" missed="1" covered="0"/></method><method name="toInt" desc="(Ljava/lang/String;)I" line="100"><counter type="INSTRUCTION" missed="4" covered="0"/><counter type="LINE" missed="1" covered="0"/><counter type="COMPLEXITY" missed="1" covered="0"/><counter type="METHOD" missed="1" covered="0"/></method><method name="toInt" desc="(Ljava/lang/String;I)I" line="121"><counter type="INSTRUCTION" missed="10" covered="0"/><counter type="BRANCH" missed="2" covered="0"/><counter type="LINE" missed="5" covered="0"/><counter type="COMPLEXITY" missed="2" covered="0"/><counter type="METHOD" missed="1" covered="0"/></method><method name="toLong" desc="(Ljava/lang/String;)J" line="149"><counter type="INSTRUCTION" missed="4" covered="0"/><counter type="LINE" missed="1" covered="0"/><counter type="COMPLEXITY" missed="1" covered="0"/><counter type="METHOD" missed="1" covered="0"/></method><method name="toLong" desc="(Ljava/lang/String;J)J" line="170"><counter type="INSTRUCTION" missed="10" covered="0"/><counter type="BRANCH" missed="2" covered="0"/><counter type="LINE" missed="5" covered="0"/><counter type="COMPLEXITY" missed="2" covered="0"/><counter type="METHOD" missed="1" covered="0"/></method><method name="toFloat" desc="(Ljava/lang/String;)F" line="199"><counter type="INSTRUCTION" missed="4" covered="0"/><counter type="LINE" missed="1" covered="0"/><counter type="COMPLEXITY" missed="1" covered="0"/><counter type="METHOD" missed="1" covered="0"/></method><method name="toFloat" desc="(Ljava/lang/String;F)F" line="222"><counter type="INSTRUCTION" missed="10" covered="0"/><counter type="BRANCH" missed="2" covered="0"/><counter type="LINE" missed="5" covered="0"/><counter type="COMPLEXITY" missed="2" covered="0"/><counter type="METHOD" missed="1" covered="0"/></method><method name="toDouble" desc="(Ljava/lang/String;)D" line="251"><counter type="INSTRUCTION" missed="4" covered="0"/><counter type="LINE" missed="1" covered="0"/><counter type="COMPLEXITY" missed="1" covered="0"/><counter type="METHOD" missed="1" covered="0"/></method><method name="toDouble" desc="(Ljava/lang/String;D)D" line="274"><counter type="INSTRUCTION" missed="10" covered="0"/><counter type="BRANCH" missed="2" covered="0"/><counter type="LINE" missed="5" covered="0"/><counter type="COMPLEXITY" missed="2" covered="0"/><counter type="METHOD" missed="1" covered="0"/></method><method name="toByte" desc="(Ljava/lang/String;)B" line="303"><counter type="INSTRUCTION" missed="4" covered="0"/><counter type="LINE" missed="1" covered="0"/><counter type="COMPLEXITY" missed="1" covered="0"/><counter type="METHOD" missed="1" covered="0"/></method><method name="toByte" desc="(Ljava/lang/String;B)B" line="324"><counter type="INSTRUCTION" missed="10" covered="0"/><counter type="BRANCH" missed="2" covered="0"/><counter type="LINE" missed="5" covered="0"/><counter type="COMPLEXITY" missed="2" covered="0"/><counter type="METHOD" missed="1" covered="0"/></method><method name="toShort" desc="(Ljava/lang/String;)S" line="352"><counter type="INSTRUCTION" missed="4" covered="0"/><counter type="LINE" missed="1" covered="0"/><counter type="COMPLEXITY" missed="1" covered="0"/><counter type="METHOD" missed="1" covered="0"/></method><method name="toShort" desc="(Ljava/lang/String;S)S" line="373"><counter type="INSTRUCTION" missed="10" covered="0"/><counter type="BRANCH" missed="2" covered="0"/><counter type="LINE" missed="5" covered="0"/><counter type="COMPLEXITY" missed="2" covered="0"/><counter type="METHOD" missed="1" covered="0"/></method><method name="createNumber" desc="(Ljava/lang/String;)Ljava/lang/Number;" line="451"><counter type="INSTRUCTION" missed="442" covered="0"/><counter type="BRANCH" missed="104" covered="0"/><counter type="LINE" missed="89" covered="0"/><counter type="COMPLEXITY" missed="54" covered="0"/><counter type="METHOD" missed="1" covered="0"/></method><method name="isAllZeros" desc="(Ljava/lang/String;)Z" line="634"><counter type="INSTRUCTION" missed="27" covered="0"/><counter type="BRANCH" missed="8" covered="0"/><counter type="LINE" missed="6" covered="0"/><counter type="COMPLEXITY" missed="5" covered="0"/><counter type="METHOD" missed="1" covered="0"/></method><method name="createFloat" desc="(Ljava/lang/String;)Ljava/lang/Float;" line="656"><counter type="INSTRUCTION" missed="7" covered="0"/><counter type="BRANCH" missed="2" covered="0"/><counter type="LINE" missed="3" covered="0"/><counter type="COMPLEXITY" missed="2" covered="0"/><counter type="METHOD" missed="1" covered="0"/></method><method name="createDouble" desc="(Ljava/lang/String;)Ljava/lang/Double;" line="672"><counter type="INSTRUCTION" missed="7" covered="0"/><counter type="BRANCH" missed="2" covered="0"/><counter type="LINE" missed="3" covered="0"/><counter type="COMPLEXITY" missed="2" covered="0"/><counter type="METHOD" missed="1" covered="0"/></method><method name="createInteger" desc="(Ljava/lang/String;)Ljava/lang/Integer;" line="689"><counter type="INSTRUCTION" missed="7" covered="0"/><counter type="BRANCH" missed="2" covered="0"/><counter type="LINE" missed="3" covered="0"/><counter type="COMPLEXITY" missed="2" covered="0"/><counter type="METHOD" missed="1" covered="0"/></method><method name="createLong" desc="(Ljava/lang/String;)Ljava/lang/Long;" line="707"><counter type="INSTRUCTION" missed="7" covered="0"/><counter type="BRANCH" missed="2" covered="0"/><counter type="LINE" missed="3" covered="0"/><counter type="COMPLEXITY" missed="2" covered="0"/><counter type="METHOD" missed="1" covered="0"/></method><method name="createBigInteger" desc="(Ljava/lang/String;)Ljava/math/BigInteger;" line="724"><counter type="INSTRUCTION" missed="70" covered="0"/><counter type="BRANCH" missed="16" covered="0"/><counter type="LINE" missed="19" covered="0"/><counter type="COMPLEXITY" missed="9" covered="0"/><counter type="METHOD" missed="1" covered="0"/></method><method name="createBigDecimal" desc="(Ljava/lang/String;)Ljava/math/BigDecimal;" line="759"><counter type="INSTRUCTION" missed="34" covered="0"/><counter type="BRANCH" missed="6" covered="0"/><counter type="LINE" missed="7" covered="0"/><counter type="COMPLEXITY" missed="4" covered="0"/><counter type="METHOD" missed="1" covered="0"/></method><method name="min" desc="([J)J" line="788"><counter type="INSTRUCTION" missed="26" covered="0"/><counter type="BRANCH" missed="4" covered="0"/><counter type="LINE" missed="6" covered="0"/><counter type="COMPLEXITY" missed="3" covered="0"/><counter type="METHOD" missed="1" covered="0"/></method><method name="min" desc="([I)I" line="811"><counter type="INSTRUCTION" missed="25" covered="0"/><counter type="BRANCH" missed="4" covered="0"/><counter type="LINE" missed="6" covered="0"/><counter type="COMPLEXITY" missed="3" covered="0"/><counter type="METHOD" missed="1" covered="0"/></method><method name="min" desc="([S)S" line="834"><counter type="INSTRUCTION" missed="25" covered="0"/><counter type="BRANCH" missed="4" covered="0"/><counter type="LINE" missed="6" covered="0"/><counter type="COMPLEXITY" missed="3" covered="0"/><counter type="METHOD" missed="1" covered="0"/></method><method name="min" desc="([B)B" line="857"><counter type="INSTRUCTION" missed="25" covered="0"/><counter type="BRANCH" missed="4" covered="0"/><counter type="LINE" missed="6" covered="0"/><counter type="COMPLEXITY" missed="3" covered="0"/><counter type="METHOD" missed="1" covered="0"/></method><method name="min" desc="([D)D" line="881"><counter type="INSTRUCTION" missed="33" covered="0"/><counter type="BRANCH" missed="6" covered="0"/><counter type="LINE" missed="8" covered="0"/><counter type="COMPLEXITY" missed="4" covered="0"/><counter type="METHOD" missed="1" covered="0"/></method><method name="min" desc="([F)F" line="908"><counter type="INSTRUCTION" missed="33" covered="0"/><counter type="BRANCH" missed="6" covered="0"/><counter type="LINE" missed="8" covered="0"/><counter type="COMPLEXITY" missed="4" covered="0"/><counter type="METHOD" missed="1" covered="0"/></method><method name="max" desc="([J)J" line="936"><counter type="INSTRUCTION" missed="26" covered="0"/><counter type="BRANCH" missed="4" covered="0"/><counter type="LINE" missed="6" covered="0"/><counter type="COMPLEXITY" missed="3" covered="0"/><counter type="METHOD" missed="1" covered="0"/></method><method name="max" desc="([I)I" line="959"><counter type="INSTRUCTION" missed="25" covered="0"/><counter type="BRANCH" missed="4" covered="0"/><counter type="LINE" missed="6" covered="0"/><counter type="COMPLEXITY" missed="3" covered="0"/><counter type="METHOD" missed="1" covered="0"/></method><method name="max" desc="([S)S" line="982"><counter type="INSTRUCTION" missed="25" covered="0"/><counter type="BRANCH" missed="4" covered="0"/><counter type="LINE" missed="6" covered="0"/><counter type="COMPLEXITY" missed="3" covered="0"/><counter type="METHOD" missed="1" covered="0"/></method><method name="max" desc="([B)B" line="1005"><counter type="INSTRUCTION" missed="25" covered="0"/><counter type="BRANCH" missed="4" covered="0"/><counter type="LINE" missed="6" covered="0"/><counter type="COMPLEXITY" missed="3" covered="0"/><counter type="METHOD" missed="1" covered="0"/></method><method name="max" desc="([D)D" line="1029"><counter type="INSTRUCTION" missed="33" covered="0"/><counter type="BRANCH" missed="6" covered="0"/><counter type="LINE" missed="8" covered="0"/><counter type="COMPLEXITY" missed="4" covered="0"/><counter type="METHOD" missed="1" covered="0"/></method><method name="max" desc="([F)F" line="1056"><counter type="INSTRUCTION" missed="33" covered="0"/><counter type="BRANCH" missed="6" covered="0"/><counter type="LINE" missed="8" covered="0"/><counter type="COMPLEXITY" missed="4" covered="0"/><counter type="METHOD" missed="1" covered="0"/></method><method name="validateArray" desc="(Ljava/lang/Object;)V" line="1079"><counter type="INSTRUCTION" missed="16" covered="0"/><counter type="BRANCH" missed="4" covered="0"/><counter type="LINE" missed="5" covered="0"/><counter type="COMPLEXITY" missed="3" covered="0"/><counter type="METHOD" missed="1" covered="0"/></method><method name="min" desc="(JJJ)J" line="1097"><counter type="INSTRUCTION" missed="14" covered="0"/><counter type="BRANCH" missed="4" covered="0"/><counter type="LINE" missed="5" covered="0"/><counter type="COMPLEXITY" missed="3" covered="0"/><counter type="METHOD" missed="1" covered="0"/></method><method name="min" desc="(III)I" line="1115"><counter type="INSTRUCTION" missed="12" covered="0"/><counter type="BRANCH" missed="4" covered="0"/><counter type="LINE" missed="5" covered="0"/><counter type="COMPLEXITY" missed="3" covered="0"/><counter type="METHOD" missed="1" covered="0"/></method><method name="min" desc="(SSS)S" line="1133"><counter type="INSTRUCTION" missed="12" covered="0"/><counter type="BRANCH" missed="4" covered="0"/><counter type="LINE" missed="5" covered="0"/><counter type="COMPLEXITY" missed="3" covered="0"/><counter type="METHOD" missed="1" covered="0"/></method><method name="min" desc="(BBB)B" line="1151"><counter type="INSTRUCTION" missed="12" covered="0"/><counter type="BRANCH" missed="4" covered="0"/><counter type="LINE" missed="5" covered="0"/><counter type="COMPLEXITY" missed="3" covered="0"/><counter type="METHOD" missed="1" covered="0"/></method><method name="min" desc="(DDD)D" line="1173"><counter type="INSTRUCTION" missed="6" covered="0"/><counter type="LINE" missed="1" covered="0"/><counter type="COMPLEXITY" missed="1" covered="0"/><counter type="METHOD" missed="1" covered="0"/></method><method name="min" desc="(FFF)F" line="1189"><counter type="INSTRUCTION" missed="6" covered="0"/><counter type="LINE" missed="1" covered="0"/><counter type="COMPLEXITY" missed="1" covered="0"/><counter type="METHOD" missed="1" covered="0"/></method><method name="max" desc="(JJJ)J" line="1203"><counter type="INSTRUCTION" missed="14" covered="0"/><counter type="BRANCH" missed="4" covered="0"/><counter type="LINE" missed="5" covered="0"/><counter type="COMPLEXITY" missed="3" covered="0"/><counter type="METHOD" missed="1" covered="0"/></method><method name="max" desc="(III)I" line="1221"><counter type="INSTRUCTION" missed="12" covered="0"/><counter type="BRANCH" missed="4" covered="0"/><counter type="LINE" missed="5" covered="0"/><counter type="COMPLEXITY" missed="3" covered="0"/><counter type="METHOD" missed="1" covered="0"/></method><method name="max" desc="(SSS)S" line="1239"><counter type="INSTRUCTION" missed="12" covered="0"/><counter type="BRANCH" missed="4" covered="0"/><counter type="LINE" missed="5" covered="0"/><counter type="COMPLEXITY" missed="3" covered="0"/><counter type="METHOD" missed="1" covered="0"/></method><method name="max" desc="(BBB)B" line="1257"><counter type="INSTRUCTION" missed="12" covered="0"/><counter type="BRANCH" missed="4" covered="0"/><counter type="LINE" missed="5" covered="0"/><counter type="COMPLEXITY" missed="3" covered="0"/><counter type="METHOD" missed="1" covered="0"/></method><method name="max" desc="(DDD)D" line="1279"><counter type="INSTRUCTION" missed="6" covered="0"/><counter type="LINE" missed="1" covered="0"/><counter type="COMPLEXITY" missed="1" covered="0"/><counter type="METHOD" missed="1" covered="0"/></method><method name="max" desc="(FFF)F" line="1295"><counter type="INSTRUCTION" missed="6" covered="0"/><counter type="LINE" missed="1" covered="0"/><counter type="COMPLEXITY" missed="1" covered="0"/><counter type="METHOD" missed="1" covered="0"/></method><method name="isDigits" desc="(Ljava/lang/String;)Z" line="1310"><counter type="INSTRUCTION" missed="22" covered="0"/><counter type="BRANCH" missed="6" covered="0"/><counter type="LINE" missed="6" covered="0"/><counter type="COMPLEXITY" missed="4" covered="0"/><counter type="METHOD" missed="1" covered="0"/></method><method name="isNumber" desc="(Ljava/lang/String;)Z" line="1335"><counter type="INSTRUCTION" missed="279" covered="0"/><counter type="BRANCH" missed="98" covered="0"/><counter type="LINE" missed="56" covered="0"/><counter type="COMPLEXITY" missed="50" covered="0"/><counter type="METHOD" missed="1" covered="0"/></method><method name="&lt;clinit&gt;" desc="()V" line="34"><counter type="INSTRUCTION" missed="55" covered="0"/><counter type="LINE" missed="18" covered="0"/><counter type="COMPLEXITY" missed="1" covered="0"/><counter type="METHOD" missed="1" covered="0"/></method><counter type="INSTRUCTION" missed="1518" covered="0"/><counter type="BRANCH" missed="350" covered="0"/><counter type="LINE" missed="380" covered="0"/><counter type="COMPLEXITY" missed="225" covered="0"/><counter type="METHOD" missed="49" covered="0"/><counter type="CLASS" missed="1" covered="0"/></class><sourcefile name="NumberUtils.java"><line nr="34" mi="3" ci="0" mb="0" cb="0"/><line nr="36" mi="3" ci="0" mb="0" cb="0"/><line nr="38" mi="3" ci="0" mb="0" cb="0"/><line nr="40" mi="3" ci="0" mb="0" cb="0"/><line nr="42" mi="3" ci="0" mb="0" cb="0"/><line nr="44" mi="3" ci="0" mb="0" cb="0"/><line nr="46" mi="3" ci="0" mb="0" cb="0"/><line nr="48" mi="3" ci="0" mb="0" cb="0"/><line nr="50" mi="3" ci="0" mb="0" cb="0"/><line nr="52" mi="3" ci="0" mb="0" cb="0"/><line nr="54" mi="3" ci="0" mb="0" cb="0"/><line nr="56" mi="3" ci="0" mb="0" cb="0"/><line nr="58" mi="3" ci="0" mb="0" cb="0"/><line nr="60" mi="3" ci="0" mb="0" cb="0"/><line nr="62" mi="3" ci="0" mb="0" cb="0"/><line nr="64" mi="3" ci="0" mb="0" cb="0"/><line nr="66" mi="3" ci="0" mb="0" cb="0"/><line nr="68" mi="4" ci="0" mb="0" cb="0"/><line nr="78" mi="2" ci="0" mb="0" cb="0"/><line nr="79" mi="1" ci="0" mb="0" cb="0"/><line nr="100" mi="4" ci="0" mb="0" cb="0"/><line nr="121" mi="2" ci="0" mb="2" cb="0"/><line nr="122" mi="2" ci="0" mb="0" cb="0"/><line nr="125" mi="3" ci="0" mb="0" cb="0"/><line nr="126" mi="1" ci="0" mb="0" cb="0"/><line nr="127" mi="2" ci="0" mb="0" cb="0"/><line nr="149" mi="4" ci="0" mb="0" cb="0"/><line nr="170" mi="2" ci="0" mb="2" cb="0"/><line nr="171" mi="2" ci="0" mb="0" cb="0"/><line nr="174" mi="3" ci="0" mb="0" cb="0"/><line nr="175" mi="1" ci="0" mb="0" cb="0"/><line nr="176" mi="2" ci="0" mb="0" cb="0"/><line nr="199" mi="4" ci="0" mb="0" cb="0"/><line nr="222" mi="2" ci="0" mb="2" cb="0"/><line nr="223" mi="2" ci="0" mb="0" cb="0"/><line nr="226" mi="3" ci="0" mb="0" cb="0"/><line nr="227" mi="1" ci="0" mb="0" cb="0"/><line nr="228" mi="2" ci="0" mb="0" cb="0"/><line nr="251" mi="4" ci="0" mb="0" cb="0"/><line nr="274" mi="2" ci="0" mb="2" cb="0"/><line nr="275" mi="2" ci="0" mb="0" cb="0"/><line nr="278" mi="3" ci="0" mb="0" cb="0"/><line nr="279" mi="1" ci="0" mb="0" cb="0"/><line nr="280" mi="2" ci="0" mb="0" cb="0"/><line nr="303" mi="4" ci="0" mb="0" cb="0"/><line nr="324" mi="2" ci="0" mb="2" cb="0"/><line nr="325" mi="2" ci="0" mb="0" cb="0"/><line nr="328" mi="3" ci="0" mb="0" cb="0"/><line nr="329" mi="1" ci="0" mb="0" cb="0"/><line nr="330" mi="2" ci="0" mb="0" cb="0"/><line nr="352" mi="4" ci="0" mb="0" cb="0"/><line nr="373" mi="2" ci="0" mb="2" cb="0"/><line nr="374" mi="2" ci="0" mb="0" cb="0"/><line nr="377" mi="3" ci="0" mb="0" cb="0"/><line nr="378" mi="1" ci="0" mb="0" cb="0"/><line nr="379" mi="2" ci="0" mb="0" cb="0"/><line nr="451" mi="2" ci="0" mb="2" cb="0"/><line nr="452" mi="2" ci="0" mb="0" cb="0"/><line nr="454" mi="3" ci="0" mb="2" cb="0"/><line nr="455" mi="5" ci="0" mb="0" cb="0"/><line nr="458" mi="27" ci="0" mb="0" cb="0"/><line nr="459" mi="2" ci="0" mb="0" cb="0"/><line nr="460" mi="16" ci="0" mb="2" cb="0"/><line nr="461" mi="4" ci="0" mb="2" cb="0"/><line nr="462" mi="5" ci="0" mb="0" cb="0"/><line nr="463" mi="1" ci="0" mb="0" cb="0"/><line nr="466" mi="2" ci="0" mb="2" cb="0"/><line nr="467" mi="2" ci="0" mb="0" cb="0"/><line nr="468" mi="8" ci="0" mb="2" cb="0"/><line nr="469" mi="4" ci="0" mb="0" cb="0"/><line nr="470" mi="3" ci="0" mb="2" cb="0"/><line nr="471" mi="1" ci="0" mb="0" cb="0"/><line nr="476" mi="5" ci="0" mb="0" cb="0"/><line nr="477" mi="9" ci="0" mb="6" cb="0"/><line nr="478" mi="3" ci="0" mb="0" cb="0"/><line nr="480" mi="9" ci="0" mb="6" cb="0"/><line nr="481" mi="3" ci="0" mb="0" cb="0"/><line nr="483" mi="3" ci="0" mb="0" cb="0"/><line nr="485" mi="7" ci="0" mb="0" cb="0"/><line nr="489" mi="4" ci="0" mb="0" cb="0"/><line nr="490" mi="10" ci="0" mb="0" cb="0"/><line nr="494" mi="2" ci="0" mb="0" cb="0"/><line nr="495" mi="3" ci="0" mb="2" cb="0"/><line nr="497" mi="3" ci="0" mb="2" cb="0"/><line nr="498" mi="7" ci="0" mb="4" cb="0"/><line nr="499" mi="12" ci="0" mb="0" cb="0"/><line nr="501" mi="8" ci="0" mb="0" cb="0"/><line nr="503" mi="6" ci="0" mb="0" cb="0"/><line nr="505" mi="5" ci="0" mb="0" cb="0"/><line nr="506" mi="4" ci="0" mb="0" cb="0"/><line nr="508" mi="3" ci="0" mb="2" cb="0"/><line nr="509" mi="4" ci="0" mb="2" cb="0"/><line nr="510" mi="12" ci="0" mb="0" cb="0"/><line nr="512" mi="6" ci="0" mb="0" cb="0"/><line nr="514" mi="2" ci="0" mb="0" cb="0"/><line nr="516" mi="2" ci="0" mb="0" cb="0"/><line nr="518" mi="6" ci="0" mb="4" cb="0"/><line nr="519" mi="9" ci="0" mb="4" cb="0"/><line nr="520" mi="11" ci="0" mb="0" cb="0"/><line nr="522" mi="2" ci="0" mb="0" cb="0"/><line nr="525" mi="8" ci="0" mb="0" cb="0"/><line nr="526" mi="10" ci="0" mb="4" cb="0"/><line nr="527" mi="2" ci="0" mb="4" cb="0"/><line nr="530" mi="6" ci="0" mb="4" cb="0"/><line nr="532" mi="11" ci="0" mb="6" cb="0"/><line nr="534" mi="3" ci="0" mb="0" cb="0"/><line nr="535" mi="1" ci="0" mb="0" cb="0"/><line nr="538" mi="3" ci="0" mb="0" cb="0"/><line nr="541" mi="12" ci="0" mb="0" cb="0"/><line nr="545" mi="3" ci="0" mb="0" cb="0"/><line nr="546" mi="10" ci="0" mb="6" cb="0"/><line nr="549" mi="2" ci="0" mb="0" cb="0"/><line nr="552" mi="1" ci="0" mb="0" cb="0"/><line nr="554" mi="1" ci="0" mb="0" cb="0"/><line nr="559" mi="3" ci="0" mb="0" cb="0"/><line nr="560" mi="11" ci="0" mb="6" cb="0"/><line nr="561" mi="2" ci="0" mb="0" cb="0"/><line nr="563" mi="1" ci="0" mb="0" cb="0"/><line nr="565" mi="1" ci="0" mb="0" cb="0"/><line nr="567" mi="3" ci="0" mb="0" cb="0"/><line nr="568" mi="1" ci="0" mb="0" cb="0"/><line nr="573" mi="12" ci="0" mb="0" cb="0"/><line nr="579" mi="9" ci="0" mb="4" cb="0"/><line nr="580" mi="9" ci="0" mb="0" cb="0"/><line nr="582" mi="2" ci="0" mb="0" cb="0"/><line nr="584" mi="4" ci="0" mb="4" cb="0"/><line nr="587" mi="3" ci="0" mb="0" cb="0"/><line nr="588" mi="1" ci="0" mb="0" cb="0"/><line nr="592" mi="3" ci="0" mb="0" cb="0"/><line nr="593" mi="1" ci="0" mb="0" cb="0"/><line nr="596" mi="3" ci="0" mb="0" cb="0"/><line nr="600" mi="10" ci="0" mb="4" cb="0"/><line nr="602" mi="3" ci="0" mb="2" cb="0"/><line nr="603" mi="3" ci="0" mb="0" cb="0"/><line nr="604" mi="10" ci="0" mb="6" cb="0"/><line nr="605" mi="2" ci="0" mb="0" cb="0"/><line nr="608" mi="1" ci="0" mb="0" cb="0"/><line nr="610" mi="1" ci="0" mb="0" cb="0"/><line nr="612" mi="3" ci="0" mb="2" cb="0"/><line nr="613" mi="3" ci="0" mb="0" cb="0"/><line nr="614" mi="10" ci="0" mb="6" cb="0"/><line nr="615" mi="2" ci="0" mb="0" cb="0"/><line nr="618" mi="1" ci="0" mb="0" cb="0"/><line nr="620" mi="1" ci="0" mb="0" cb="0"/><line nr="622" mi="3" ci="0" mb="0" cb="0"/><line nr="634" mi="2" ci="0" mb="2" cb="0"/><line nr="635" mi="2" ci="0" mb="0" cb="0"/><line nr="637" mi="9" ci="0" mb="2" cb="0"/><line nr="638" mi="5" ci="0" mb="2" cb="0"/><line nr="639" mi="2" ci="0" mb="0" cb="0"/><line nr="642" mi="7" ci="0" mb="2" cb="0"/><line nr="656" mi="2" ci="0" mb="2" cb="0"/><line nr="657" mi="2" ci="0" mb="0" cb="0"/><line nr="659" mi="3" ci="0" mb="0" cb="0"/><line nr="672" mi="2" ci="0" mb="2" cb="0"/><line nr="673" mi="2" ci="0" mb="0" cb="0"/><line nr="675" mi="3" ci="0" mb="0" cb="0"/><line nr="689" mi="2" ci="0" mb="2" cb="0"/><line nr="690" mi="2" ci="0" mb="0" cb="0"/><line nr="693" mi="3" ci="0" mb="0" cb="0"/><line nr="707" mi="2" ci="0" mb="2" cb="0"/><line nr="708" mi="2" ci="0" mb="0" cb="0"/><line nr="710" mi="3" ci="0" mb="0" cb="0"/><line nr="724" mi="2" ci="0" mb="2" cb="0"/><line nr="725" mi="2" ci="0" mb="0" cb="0"/><line nr="727" mi="2" ci="0" mb="0" cb="0"/><line nr="728" mi="2" ci="0" mb="0" cb="0"/><line nr="729" mi="2" ci="0" mb="0" cb="0"/><line nr="730" mi="4" ci="0" mb="2" cb="0"/><line nr="731" mi="2" ci="0" mb="0" cb="0"/><line nr="732" mi="2" ci="0" mb="0" cb="0"/><line nr="734" mi="10" ci="0" mb="4" cb="0"/><line nr="735" mi="2" ci="0" mb="0" cb="0"/><line nr="736" mi="2" ci="0" mb="0" cb="0"/><line nr="737" mi="5" ci="0" mb="2" cb="0"/><line nr="738" mi="2" ci="0" mb="0" cb="0"/><line nr="739" mi="2" ci="0" mb="0" cb="0"/><line nr="740" mi="11" ci="0" mb="4" cb="0"/><line nr="741" mi="2" ci="0" mb="0" cb="0"/><line nr="742" mi="1" ci="0" mb="0" cb="0"/><line nr="745" mi="8" ci="0" mb="0" cb="0"/><line nr="746" mi="7" ci="0" mb="2" cb="0"/><line nr="759" mi="2" ci="0" mb="2" cb="0"/><line nr="760" mi="2" ci="0" mb="0" cb="0"/><line nr="763" mi="3" ci="0" mb="2" cb="0"/><line nr="764" mi="5" ci="0" mb="0" cb="0"/><line nr="766" mi="5" ci="0" mb="2" cb="0"/><line nr="771" mi="12" ci="0" mb="0" cb="0"/><line nr="773" mi="5" ci="0" mb="0" cb="0"/><line nr="788" mi="2" ci="0" mb="0" cb="0"/><line nr="791" mi="4" ci="0" mb="0" cb="0"/><line nr="792" mi="8" ci="0" mb="2" cb="0"/><line nr="793" mi="6" ci="0" mb="2" cb="0"/><line nr="794" mi="4" ci="0" mb="0" cb="0"/><line nr="798" mi="2" ci="0" mb="0" cb="0"/><line nr="811" mi="2" ci="0" mb="0" cb="0"/><line nr="814" mi="4" ci="0" mb="0" cb="0"/><line nr="815" mi="8" ci="0" mb="2" cb="0"/><line nr="816" mi="5" ci="0" mb="2" cb="0"/><line nr="817" mi="4" ci="0" mb="0" cb="0"/><line nr="821" mi="2" ci="0" mb="0" cb="0"/><line nr="834" mi="2" ci="0" mb="0" cb="0"/><line nr="837" mi="4" ci="0" mb="0" cb="0"/><line nr="838" mi="8" ci="0" mb="2" cb="0"/><line nr="839" mi="5" ci="0" mb="2" cb="0"/><line nr="840" mi="4" ci="0" mb="0" cb="0"/><line nr="844" mi="2" ci="0" mb="0" cb="0"/><line nr="857" mi="2" ci="0" mb="0" cb="0"/><line nr="860" mi="4" ci="0" mb="0" cb="0"/><line nr="861" mi="8" ci="0" mb="2" cb="0"/><line nr="862" mi="5" ci="0" mb="2" cb="0"/><line nr="863" mi="4" ci="0" mb="0" cb="0"/><line nr="867" mi="2" ci="0" mb="0" cb="0"/><line nr="881" mi="2" ci="0" mb="0" cb="0"/><line nr="884" mi="4" ci="0" mb="0" cb="0"/><line nr="885" mi="8" ci="0" mb="2" cb="0"/><line nr="886" mi="5" ci="0" mb="2" cb="0"/><line nr="887" mi="2" ci="0" mb="0" cb="0"/><line nr="889" mi="6" ci="0" mb="2" cb="0"/><line nr="890" mi="4" ci="0" mb="0" cb="0"/><line nr="894" mi="2" ci="0" mb="0" cb="0"/><line nr="908" mi="2" ci="0" mb="0" cb="0"/><line nr="911" mi="4" ci="0" mb="0" cb="0"/><line nr="912" mi="8" ci="0" mb="2" cb="0"/><line nr="913" mi="5" ci="0" mb="2" cb="0"/><line nr="914" mi="2" ci="0" mb="0" cb="0"/><line nr="916" mi="6" ci="0" mb="2" cb="0"/><line nr="917" mi="4" ci="0" mb="0" cb="0"/><line nr="921" mi="2" ci="0" mb="0" cb="0"/><line nr="936" mi="2" ci="0" mb="0" cb="0"/><line nr="939" mi="4" ci="0" mb="0" cb="0"/><line nr="940" mi="8" ci="0" mb="2" cb="0"/><line nr="941" mi="6" ci="0" mb="2" cb="0"/><line nr="942" mi="4" ci="0" mb="0" cb="0"/><line nr="946" mi="2" ci="0" mb="0" cb="0"/><line nr="959" mi="2" ci="0" mb="0" cb="0"/><line nr="962" mi="4" ci="0" mb="0" cb="0"/><line nr="963" mi="8" ci="0" mb="2" cb="0"/><line nr="964" mi="5" ci="0" mb="2" cb="0"/><line nr="965" mi="4" ci="0" mb="0" cb="0"/><line nr="969" mi="2" ci="0" mb="0" cb="0"/><line nr="982" mi="2" ci="0" mb="0" cb="0"/><line nr="985" mi="4" ci="0" mb="0" cb="0"/><line nr="986" mi="8" ci="0" mb="2" cb="0"/><line nr="987" mi="5" ci="0" mb="2" cb="0"/><line nr="988" mi="4" ci="0" mb="0" cb="0"/><line nr="992" mi="2" ci="0" mb="0" cb="0"/><line nr="1005" mi="2" ci="0" mb="0" cb="0"/><line nr="1008" mi="4" ci="0" mb="0" cb="0"/><line nr="1009" mi="8" ci="0" mb="2" cb="0"/><line nr="1010" mi="5" ci="0" mb="2" cb="0"/><line nr="1011" mi="4" ci="0" mb="0" cb="0"/><line nr="1015" mi="2" ci="0" mb="0" cb="0"/><line nr="1029" mi="2" ci="0" mb="0" cb="0"/><line nr="1032" mi="4" ci="0" mb="0" cb="0"/><line nr="1033" mi="8" ci="0" mb="2" cb="0"/><line nr="1034" mi="5" ci="0" mb="2" cb="0"/><line nr="1035" mi="2" ci="0" mb="0" cb="0"/><line nr="1037" mi="6" ci="0" mb="2" cb="0"/><line nr="1038" mi="4" ci="0" mb="0" cb="0"/><line nr="1042" mi="2" ci="0" mb="0" cb="0"/><line nr="1056" mi="2" ci="0" mb="0" cb="0"/><line nr="1059" mi="4" ci="0" mb="0" cb="0"/><line nr="1060" mi="8" ci="0" mb="2" cb="0"/><line nr="1061" mi="5" ci="0" mb="2" cb="0"/><line nr="1062" mi="2" ci="0" mb="0" cb="0"/><line nr="1064" mi="6" ci="0" mb="2" cb="0"/><line nr="1065" mi="4" ci="0" mb="0" cb="0"/><line nr="1069" mi="2" ci="0" mb="0" cb="0"/><line nr="1079" mi="2" ci="0" mb="2" cb="0"/><line nr="1080" mi="5" ci="0" mb="0" cb="0"/><line nr="1081" mi="3" ci="0" mb="2" cb="0"/><line nr="1082" mi="5" ci="0" mb="0" cb="0"/><line nr="1084" mi="1" ci="0" mb="0" cb="0"/><line nr="1097" mi="4" ci="0" mb="2" cb="0"/><line nr="1098" mi="2" ci="0" mb="0" cb="0"/><line nr="1100" mi="4" ci="0" mb="2" cb="0"/><line nr="1101" mi="2" ci="0" mb="0" cb="0"/><line nr="1103" mi="2" ci="0" mb="0" cb="0"/><line nr="1115" mi="3" ci="0" mb="2" cb="0"/><line nr="1116" mi="2" ci="0" mb="0" cb="0"/><line nr="1118" mi="3" ci="0" mb="2" cb="0"/><line nr="1119" mi="2" ci="0" mb="0" cb="0"/><line nr="1121" mi="2" ci="0" mb="0" cb="0"/><line nr="1133" mi="3" ci="0" mb="2" cb="0"/><line nr="1134" mi="2" ci="0" mb="0" cb="0"/><line nr="1136" mi="3" ci="0" mb="2" cb="0"/><line nr="1137" mi="2" ci="0" mb="0" cb="0"/><line nr="1139" mi="2" ci="0" mb="0" cb="0"/><line nr="1151" mi="3" ci="0" mb="2" cb="0"/><line nr="1152" mi="2" ci="0" mb="0" cb="0"/><line nr="1154" mi="3" ci="0" mb="2" cb="0"/><line nr="1155" mi="2" ci="0" mb="0" cb="0"/><line nr="1157" mi="2" ci="0" mb="0" cb="0"/><line nr="1173" mi="6" ci="0" mb="0" cb="0"/><line nr="1189" mi="6" ci="0" mb="0" cb="0"/><line nr="1203" mi="4" ci="0" mb="2" cb="0"/><line nr="1204" mi="2" ci="0" mb="0" cb="0"/><line nr="1206" mi="4" ci="0" mb="2" cb="0"/><line nr="1207" mi="2" ci="0" mb="0" cb="0"/><line nr="1209" mi="2" ci="0" mb="0" cb="0"/><line nr="1221" mi="3" ci="0" mb="2" cb="0"/><line nr="1222" mi="2" ci="0" mb="0" cb="0"/><line nr="1224" mi="3" ci="0" mb="2" cb="0"/><line nr="1225" mi="2" ci="0" mb="0" cb="0"/><line nr="1227" mi="2" ci="0" mb="0" cb="0"/><line nr="1239" mi="3" ci="0" mb="2" cb="0"/><line nr="1240" mi="2" ci="0" mb="0" cb="0"/><line nr="1242" mi="3" ci="0" mb="2" cb="0"/><line nr="1243" mi="2" ci="0" mb="0" cb="0"/><line nr="1245" mi="2" ci="0" mb="0" cb="0"/><line nr="1257" mi="3" ci="0" mb="2" cb="0"/><line nr="1258" mi="2" ci="0" mb="0" cb="0"/><line nr="1260" mi="3" ci="0" mb="2" cb="0"/><line nr="1261" mi="2" ci="0" mb="0" cb="0"/><line nr="1263" mi="2" ci="0" mb="0" cb="0"/><line nr="1279" mi="6" ci="0" mb="0" cb="0"/><line nr="1295" mi="6" ci="0" mb="0" cb="0"/><line nr="1310" mi="3" ci="0" mb="2" cb="0"/><line nr="1311" mi="2" ci="0" mb="0" cb="0"/><line nr="1313" mi="8" ci="0" mb="2" cb="0"/><line nr="1314" mi="5" ci="0" mb="2" cb="0"/><line nr="1315" mi="2" ci="0" mb="0" cb="0"/><line nr="1318" mi="2" ci="0" mb="0" cb="0"/><line nr="1335" mi="3" ci="0" mb="2" cb="0"/><line nr="1336" mi="2" ci="0" mb="0" cb="0"/><line nr="1338" mi="3" ci="0" mb="0" cb="0"/><line nr="1339" mi="3" ci="0" mb="0" cb="0"/><line nr="1340" mi="2" ci="0" mb="0" cb="0"/><line nr="1341" mi="2" ci="0" mb="0" cb="0"/><line nr="1342" mi="2" ci="0" mb="0" cb="0"/><line nr="1343" mi="2" ci="0" mb="0" cb="0"/><line nr="1345" mi="9" ci="0" mb="2" cb="0"/><line nr="1346" mi="17" ci="0" mb="6" cb="0"/><line nr="1347" mi="4" ci="0" mb="0" cb="0"/><line nr="1348" mi="3" ci="0" mb="2" cb="0"/><line nr="1349" mi="2" ci="0" mb="0" cb="0"/><line nr="1352" mi="6" ci="0" mb="2" cb="0"/><line nr="1353" mi="30" ci="0" mb="12" cb="0"/><line nr="1356" mi="2" ci="0" mb="0" cb="0"/><line nr="1359" mi="2" ci="0" mb="0" cb="0"/><line nr="1361" mi="1" ci="0" mb="0" cb="0"/><line nr="1363" mi="2" ci="0" mb="0" cb="0"/><line nr="1366" mi="12" ci="0" mb="8" cb="0"/><line nr="1367" mi="10" ci="0" mb="4" cb="0"/><line nr="1368" mi="2" ci="0" mb="0" cb="0"/><line nr="1369" mi="3" ci="0" mb="0" cb="0"/><line nr="1371" mi="5" ci="0" mb="2" cb="0"/><line nr="1372" mi="4" ci="0" mb="4" cb="0"/><line nr="1374" mi="2" ci="0" mb="0" cb="0"/><line nr="1376" mi="3" ci="0" mb="0" cb="0"/><line nr="1377" mi="10" ci="0" mb="4" cb="0"/><line nr="1379" mi="2" ci="0" mb="2" cb="0"/><line nr="1381" mi="2" ci="0" mb="0" cb="0"/><line nr="1383" mi="2" ci="0" mb="2" cb="0"/><line nr="1384" mi="2" ci="0" mb="0" cb="0"/><line nr="1386" mi="2" ci="0" mb="0" cb="0"/><line nr="1387" mi="3" ci="0" mb="0" cb="0"/><line nr="1388" mi="10" ci="0" mb="4" cb="0"/><line nr="1389" mi="2" ci="0" mb="2" cb="0"/><line nr="1390" mi="2" ci="0" mb="0" cb="0"/><line nr="1392" mi="2" ci="0" mb="0" cb="0"/><line nr="1393" mi="3" ci="0" mb="0" cb="0"/><line nr="1395" mi="2" ci="0" mb="0" cb="0"/><line nr="1397" mi="2" ci="0" mb="0" cb="0"/><line nr="1399" mi="4" ci="0" mb="2" cb="0"/><line nr="1400" mi="10" ci="0" mb="4" cb="0"/><line nr="1402" mi="2" ci="0" mb="0" cb="0"/><line nr="1404" mi="10" ci="0" mb="4" cb="0"/><line nr="1406" mi="2" ci="0" mb="0" cb="0"/><line nr="1408" mi="5" ci="0" mb="2" cb="0"/><line nr="1409" mi="4" ci="0" mb="4" cb="0"/><line nr="1411" mi="2" ci="0" mb="0" cb="0"/><line nr="1414" mi="2" ci="0" mb="0" cb="0"/><line nr="1416" mi="22" ci="0" mb="10" cb="0"/><line nr="1421" mi="2" ci="0" mb="0" cb="0"/><line nr="1423" mi="10" ci="0" mb="4" cb="0"/><line nr="1426" mi="10" ci="0" mb="6" cb="0"/><line nr="1429" mi="2" ci="0" mb="0" cb="0"/><line nr="1433" mi="8" ci="0" mb="4" cb="0"/><counter type="INSTRUCTION" missed="1518" covered="0"/><counter type="BRANCH" missed="350" covered="0"/><counter type="LINE" missed="380" covered="0"/><counter type="COMPLEXITY" missed="225" covered="0"/><counter type="METHOD" missed="49" covered="0"/><counter type="CLASS" missed="1" covered="0"/></sourcefile><counter type="INSTRUCTION" missed="1518" covered="0"/><counter type="BRANCH" missed="350" covered="0"/><counter type="LINE" missed="380" covered="0"/><counter type="COMPLEXITY" missed="225" covered="0"/><counter type="METHOD" missed="49" covered="0"/><counter type="CLASS" missed="1" covered="0"/></package><counter type="INSTRUCTION" missed="1518" covered="0"/><counter type="BRANCH" missed="350" covered="0"/><counter type="LINE" missed="380" covered="0"/><counter type="COMPLEXITY" missed="225" covered="0"/><counter type="METHOD" missed="49" covered="0"/><counter type="CLASS" missed="1" covered="0"/></report>