<?xml version="1.0" encoding="UTF-8" standalone="yes"?><!DOCTYPE report PUBLIC "-//JACOCO//DTD Report 1.1//EN" "report.dtd"><report name="JaCoCo Coverage Report"><sessioninfo id="e40a65566ca2-c838f2e7" start="1790252231905" dump="1790252236114"/><package name="org/apache/commons/lang3/math"><class name="org/apache/commons/lang3/math/NumberUtils" sourcefilename="NumberUtils.java"><method name="&lt;init&gt;" desc="()V" line="78"><counter type="INSTRUCTION" missed="0" covered="3"/><counter type="LINE" missed="0" covered="2"/><counter type="COMPLEXITY" missed="0" covered="1"/><counter type="METHOD" missed="0" covered="1"/></method><method name="toInt" desc="(Ljava/lang/String;)I" line="100"><counter type="INSTRUCTION" missed="0" covered="4"/><counter type="LINE" missed="0" covered="1"/><counter type="COMPLEXITY" missed="0" covered="1"/><counter type="METHOD" missed="0" covered="1"/></method><method name="toInt" desc="(Ljava/lang/String;I)I" line="121"><counter type="INSTRUCTION" missed="3" covered="7"/><counter type="BRANCH" missed="0" covered="2"/><counter type="LINE" missed="1" covered="4"/><counter type="COMPLEXITY" missed="0" covered="2"/><counter type="METHOD" missed="0" covered="1"/></method><method name="toLong" desc="(Ljava/lang/String;)J" line="149"><counter type="INSTRUCTION" missed="0" covered="4"/><counter type="LINE" missed="0" covered="1"/><counter type="COMPLEXITY" missed="0" covered="1"/><counter type="METHOD" missed="0" covered="1"/></method><method name="toLong" desc="(Ljava/lang/String;J)J" line="170"><counter type="INSTRUCTION" missed="3" covered="7"/><counter type="BRANCH" missed="0" covered="2"/><counter type="LINE" missed="1" covered="4"/><counter type="COMPLEXITY" missed="0" covered="2"/><counter type="METHOD" missed="0" covered="1"/></method><method name="toFloat" desc="(Ljava/lang/String;)F" line="199"><counter type="INSTRUCTION" missed="0" covered="4"/><counter type="LINE" missed="0" covered="1"/><counter type="COMPLEXITY" missed="0" covered="1"/><counter type="METHOD" missed="0" covered="1"/></method><method name="toFloat" desc="(Ljava/lang/String;F)F" line="222"><counter type="INSTRUCTION" missed="3" covered="7"/><counter type="BRANCH" missed="0" covered="2"/><counter type="LINE" missed="1" covered="4"/><counter type="COMPLEXITY" missed="0" covered="2"/><counter type="METHOD" missed="0" covered="1"/></method><method name="toDouble" desc="(Ljava/lang/String;)D" line="251"><counter type="INSTRUCTION" missed="0" covered="4"/><counter type="LINE" missed="0" covered="1"/><counter type="COMPLEXITY" missed="0" covered="1"/><counter type="METHOD" missed="0" covered="1"/></method><method name="toDouble" desc="(Ljava/lang/String;D)D" line="274"><counter type="INSTRUCTION" missed="3" covered="7"/><counter type="BRANCH" missed="0" covered="2"/><counter type="LINE" missed="1" covered="4"/><counter type="COMPLEXITY" missed="0" covered="2"/><counter type="METHOD" missed="0" covered="1"/></method><method name="toByte" desc="(Ljava/lang/String;)B" line="303"><counter type="INSTRUCTION" missed="0" covered="4"/><counter type="LINE" missed="0" covered="1"/><counter type="COMPLEXITY" missed="0" covered="1"/><counter type="METHOD" missed="0" covered="1"/></method><method name="toByte" desc="(Ljava/lang/String;B)B" line="324"><counter type="INSTRUCTION" missed="3" covered="7"/><counter type="BRANCH" missed="0" covered="2"/><counter type="LINE" missed="1" covered="4"/><counter type="COMPLEXITY" missed="0" covered="2"/><counter type="METHOD" missed="0" covered="1"/></method><method name="toShort" desc="(Ljava/lang/String;)S" line="352"><counter type="INSTRUCTION" missed="0" covered="4"/><counter type="LINE" missed="0" covered="1"/><counter type="COMPLEXITY" missed="0" covered="1"/><counter type="METHOD" missed="0" covered="1"/></method><method name="toShort" desc="(Ljava/lang/String;S)S" line="373"><counter type="INSTRUCTION" missed="3" covered="7"/><counter type="BRANCH" missed="0" covered="2"/><counter type="LINE" missed="1" covered="4"/><counter type="COMPLEXITY" missed="0" covered="2"/><counter type="METHOD" missed="0" covered="1"/></method><method name="createNumber" desc="(Ljava/lang/String;)Ljava/lang/Number;" line="451"><counter type="INSTRUCTION" missed="60" covered="352"/><counter type="BRANCH" missed="18" covered="74"/><counter type="LINE" missed="18" covered="66"/><counter type="COMPLEXITY" missed="12" covered="36"/><counter type="METHOD" missed="0" covered="1"/></method><method name="isAllZeros" desc="(Ljava/lang/String;)Z" line="625"><counter type="INSTRUCTION" missed="0" covered="27"/><counter type="BRANCH" missed="0" covered="8"/><counter type="LINE" missed="0" covered="6"/><counter type="COMPLEXITY" missed="0" covered="5"/><counter type="METHOD" missed="0" covered="1"/></method><method name="createFloat" desc="(Ljava/lang/String;)Ljava/lang/Float;" line="647"><counter type="INSTRUCTION" missed="0" covered="7"/><counter type="BRANCH" missed="0" covered="2"/><counter type="LINE" missed="0" covered="3"/><counter type="COMPLEXITY" missed="0" covered="2"/><counter type="METHOD" missed="0" covered="1"/></method><method name="createDouble" desc="(Ljava/lang/String;)Ljava/lang/Double;" line="663"><counter type="INSTRUCTION" missed="0" covered="7"/><counter type="BRANCH" missed="0" covered="2"/><counter type="LINE" missed="0" covered="3"/><counter type="COMPLEXITY" missed="0" covered="2"/><counter type="METHOD" missed="0" covered="1"/></method><method name="createInteger" desc="(Ljava/lang/String;)Ljava/lang/Integer;" line="680"><counter type="INSTRUCTION" missed="3" covered="4"/><counter type="BRANCH" missed="1" covered="1"/><counter type="LINE" missed="1" covered="2"/><counter type="COMPLEXITY" missed="1" covered="1"/><counter type="METHOD" missed="0" covered="1"/></method><method name="createLong" desc="(Ljava/lang/String;)Ljava/lang/Long;" line="698"><counter type="INSTRUCTION" missed="0" covered="7"/><counter type="BRANCH" missed="0" covered="2"/><counter type="LINE" missed="0" covered="3"/><counter type="COMPLEXITY" missed="0" covered="2"/><counter type="METHOD" missed="0" covered="1"/></method><method name="createBigInteger" desc="(Ljava/lang/String;)Ljava/math/BigInteger;" line="715"><counter type="INSTRUCTION" missed="4" covered="66"/><counter type="BRANCH" missed="2" covered="14"/><counter type="LINE" missed="2" covered="17"/><counter type="COMPLEXITY" missed="2" covered="7"/><counter type="METHOD" missed="0" covered="1"/></method><method name="createBigDecimal" desc="(Ljava/lang/String;)Ljava/math/BigDecimal;" line="750"><counter type="INSTRUCTION" missed="0" covered="34"/><counter type="BRANCH" missed="0" covered="6"/><counter type="LINE" missed="0" covered="7"/><counter type="COMPLEXITY" missed="0" covered="4"/><counter type="METHOD" missed="0" covered="1"/></method><method name="min" desc="([J)J" line="779"><counter type="INSTRUCTION" missed="0" covered="26"/><counter type="BRANCH" missed="0" covered="4"/><counter type="LINE" missed="0" covered="6"/><counter type="COMPLEXITY" missed="0" covered="3"/><counter type="METHOD" missed="0" covered="1"/></method><method name="min" desc="([I)I" line="802"><counter type="INSTRUCTION" missed="0" covered="25"/><counter type="BRANCH" missed="0" covered="4"/><counter type="LINE" missed="0" covered="6"/><counter type="COMPLEXITY" missed="0" covered="3"/><counter type="METHOD" missed="0" covered="1"/></method><method name="min" desc="([S)S" line="825"><counter type="INSTRUCTION" missed="0" covered="25"/><counter type="BRANCH" missed="0" covered="4"/><counter type="LINE" missed="0" covered="6"/><counter type="COMPLEXITY" missed="0" covered="3"/><counter type="METHOD" missed="0" covered="1"/></method><method name="min" desc="([B)B" line="848"><counter type="INSTRUCTION" missed="0" covered="25"/><counter type="BRANCH" missed="0" covered="4"/><counter type="LINE" missed="0" covered="6"/><counter type="COMPLEXITY" missed="0" covered="3"/><counter type="METHOD" missed="0" covered="1"/></method><method name="min" desc="([D)D" line="872"><counter type="INSTRUCTION" missed="0" covered="33"/><counter type="BRANCH" missed="0" covered="6"/><counter type="LINE" missed="0" covered="8"/><counter type="COMPLEXITY" missed="0" covered="4"/><counter type="METHOD" missed="0" covered="1"/></method><method name="min" desc="([F)F" line="899"><counter type="INSTRUCTION" missed="0" covered="33"/><counter type="BRANCH" missed="0" covered="6"/><counter type="LINE" missed="0" covered="8"/><counter type="COMPLEXITY" missed="0" covered="4"/><counter type="METHOD" missed="0" covered="1"/></method><method name="max" desc="([J)J" line="927"><counter type="INSTRUCTION" missed="0" covered="26"/><counter type="BRANCH" missed="0" covered="4"/><counter type="LINE" missed="0" covered="6"/><counter type="COMPLEXITY" missed="0" covered="3"/><counter type="METHOD" missed="0" covered="1"/></method><method name="max" desc="([I)I" line="950"><counter type="INSTRUCTION" missed="0" covered="25"/><counter type="BRANCH" missed="0" covered="4"/><counter type="LINE" missed="0" covered="6"/><counter type="COMPLEXITY" missed="0" covered="3"/><counter type="METHOD" missed="0" covered="1"/></method><method name="max" desc="([S)S" line="973"><counter type="INSTRUCTION" missed="0" covered="25"/><counter type="BRANCH" missed="0" covered="4"/><counter type="LINE" missed="0" covered="6"/><counter type="COMPLEXITY" missed="0" covered="3"/><counter type="METHOD" missed="0" covered="1"/></method><method name="max" desc="([B)B" line="996"><counter type="INSTRUCTION" missed="0" covered="25"/><counter type="BRANCH" missed="0" covered="4"/><counter type="LINE" missed="0" covered="6"/><counter type="COMPLEXITY" missed="0" covered="3"/><counter type="METHOD" missed="0" covered="1"/></method><method name="max" desc="([D)D" line="1020"><counter type="INSTRUCTION" missed="0" covered="33"/><counter type="BRANCH" missed="0" covered="6"/><counter type="LINE" missed="0" covered="8"/><counter type="COMPLEXITY" missed="0" covered="4"/><counter type="METHOD" missed="0" covered="1"/></method><method name="max" desc="([F)F" line="1047"><counter type="INSTRUCTION" missed="0" covered="33"/><counter type="BRANCH" missed="0" covered="6"/><counter type="LINE" missed="0" covered="8"/><counter type="COMPLEXITY" missed="0" covered="4"/><counter type="METHOD" missed="0" covered="1"/></method><method name="validateArray" desc="(Ljava/lang/Object;)V" line="1070"><counter type="INSTRUCTION" missed="0" covered="16"/><counter type="BRANCH" missed="0" covered="4"/><counter type="LINE" missed="0" covered="5"/><counter type="COMPLEXITY" missed="0" covered="3"/><counter type="METHOD" missed="0" covered="1"/></method><method name="min" desc="(JJJ)J" line="1088"><counter type="INSTRUCTION" missed="0" covered="14"/><counter type="BRANCH" missed="0" covered="4"/><counter type="LINE" missed="0" covered="5"/><counter type="COMPLEXITY" missed="0" covered="3"/><counter type="METHOD" missed="0" covered="1"/></method><method name="min" desc="(III)I" line="1106"><counter type="INSTRUCTION" missed="0" covered="12"/><counter type="BRANCH" missed="0" covered="4"/><counter type="LINE" missed="0" covered="5"/><counter type="COMPLEXITY" missed="0" covered="3"/><counter type="METHOD" missed="0" covered="1"/></method><method name="min" desc="(SSS)S" line="1124"><counter type="INSTRUCTION" missed="0" covered="12"/><counter type="BRANCH" missed="0" covered="4"/><counter type="LINE" missed="0" covered="5"/><counter type="COMPLEXITY" missed="0" covered="3"/><counter type="METHOD" missed="0" covered="1"/></method><method name="min" desc="(BBB)B" line="1142"><counter type="INSTRUCTION" missed="0" covered="12"/><counter type="BRANCH" missed="0" covered="4"/><counter type="LINE" missed="0" covered="5"/><counter type="COMPLEXITY" missed="0" covered="3"/><counter type="METHOD" missed="0" covered="1"/></method><method name="min" desc="(DDD)D" line="1164"><counter type="INSTRUCTION" missed="0" covered="6"/><counter type="LINE" missed="0" covered="1"/><counter type="COMPLEXITY" missed="0" covered="1"/><counter type="METHOD" missed="0" covered="1"/></method><method name="min" desc="(FFF)F" line="1180"><counter type="INSTRUCTION" missed="0" covered="6"/><counter type="LINE" missed="0" covered="1"/><counter type="COMPLEXITY" missed="0" covered="1"/><counter type="METHOD" missed="0" covered="1"/></method><method name="max" desc="(JJJ)J" line="1194"><counter type="INSTRUCTION" missed="0" covered="14"/><counter type="BRANCH" missed="0" covered="4"/><counter type="LINE" missed="0" covered="5"/><counter type="COMPLEXITY" missed="0" covered="3"/><counter type="METHOD" missed="0" covered="1"/></method><method name="max" desc="(III)I" line="1212"><counter type="INSTRUCTION" missed="0" covered="12"/><counter type="BRANCH" missed="0" covered="4"/><counter type="LINE" missed="0" covered="5"/><counter type="COMPLEXITY" missed="0" covered="3"/><counter type="METHOD" missed="0" covered="1"/></method><method name="max" desc="(SSS)S" line="1230"><counter type="INSTRUCTION" missed="0" covered="12"/><counter type="BRANCH" missed="0" covered="4"/><counter type="LINE" missed="0" covered="5"/><counter type="COMPLEXITY" missed="0" covered="3"/><counter type="METHOD" missed="0" covered="1"/></method><method name="max" desc="(BBB)B" line="1248"><counter type="INSTRUCTION" missed="0" covered="12"/><counter type="BRANCH" missed="0" covered="4"/><counter type="LINE" missed="0" covered="5"/><counter type="COMPLEXITY" missed="0" covered="3"/><counter type="METHOD" missed="0" covered="1"/></method><method name="max" desc="(DDD)D" line="1270"><counter type="INSTRUCTION" missed="0" covered="6"/><counter type="LINE" missed="0" covered="1"/><counter type="COMPLEXITY" missed="0" covered="1"/><counter type="METHOD" missed="0" covered="1"/></method><method name="max" desc="(FFF)F" line="1286"><counter type="INSTRUCTION" missed="0" covered="6"/><counter type="LINE" missed="0" covered="1"/><counter type="COMPLEXITY" missed="0" covered="1"/><counter type="METHOD" missed="0" covered="1"/></method><method name="isDigits" desc="(Ljava/lang/String;)Z" line="1301"><counter type="INSTRUCTION" missed="0" covered="22"/><counter type="BRANCH" missed="0" covered="6"/><counter type="LINE" missed="0" covered="6"/><counter type="COMPLEXITY" missed="0" covered="4"/><counter type="METHOD" missed="0" covered="1"/></method><method name="isNumber" desc="(Ljava/lang/String;)Z" line="1326"><counter type="INSTRUCTION" missed="9" covered="270"/><counter type="BRANCH" missed="7" covered="91"/><counter type="LINE" missed="3" covered="53"/><counter type="COMPLEXITY" missed="7" covered="43"/><counter type="METHOD" missed="0" covered="1"/></method><method name="&lt;clinit&gt;" desc="()V" line="34"><counter type="INSTRUCTION" missed="0" covered="55"/><counter type="LINE" missed="0" covered="18"/><counter type="COMPLEXITY" missed="0" covered="1"/><counter type="METHOD" missed="0" covered="1"/></method><counter type="INSTRUCTION" missed="94" covered="1394"/><counter type="BRANCH" missed="28" covered="310"/><counter type="LINE" missed="30" covered="345"/><counter type="COMPLEXITY" missed="22" covered="197"/><counter type="METHOD" missed="0" covered="49"/><counter type="CLASS" missed="0" covered="1"/></class><sourcefile name="NumberUtils.java"><line nr="34" mi="0" ci="3" mb="0" cb="0"/><line nr="36" mi="0" ci="3" mb="0" cb="0"/><line nr="38" mi="0" ci="3" mb="0" cb="0"/><line nr="40" mi="0" ci="3" mb="0" cb="0"/><line nr="42" mi="0" ci="3" mb="0" cb="0"/><line nr="44" mi="0" ci="3" mb="0" cb="0"/><line nr="46" mi="0" ci="3" mb="0" cb="0"/><line nr="48" mi="0" ci="3" mb="0" cb="0"/><line nr="50" mi="0" ci="3" mb="0" cb="0"/><line nr="52" mi="0" ci="3" mb="0" cb="0"/><line nr="54" mi="0" ci="3" mb="0" cb="0"/><line nr="56" mi="0" ci="3" mb="0" cb="0"/><line nr="58" mi="0" ci="3" mb="0" cb="0"/><line nr="60" mi="0" ci="3" mb="0" cb="0"/><line nr="62" mi="0" ci="3" mb="0" cb="0"/><line nr="64" mi="0" ci="3" mb="0" cb="0"/><line nr="66" mi="0" ci="3" mb="0" cb="0"/><line nr="68" mi="0" ci="4" mb="0" cb="0"/><line nr="78" mi="0" ci="2" mb="0" cb="0"/><line nr="79" mi="0" ci="1" mb="0" cb="0"/><line nr="100" mi="0" ci="4" mb="0" cb="0"/><line nr="121" mi="0" ci="2" mb="0" cb="2"/><line nr="122" mi="0" ci="2" mb="0" cb="0"/><line nr="125" mi="3" ci="0" mb="0" cb="0"/><line nr="126" mi="0" ci="1" mb="0" cb="0"/><line nr="127" mi="0" ci="2" mb="0" cb="0"/><line nr="149" mi="0" ci="4" mb="0" cb="0"/><line nr="170" mi="0" ci="2" mb="0" cb="2"/><line nr="171" mi="0" ci="2" mb="0" cb="0"/><line nr="174" mi="3" ci="0" mb="0" cb="0"/><line nr="175" mi="0" ci="1" mb="0" cb="0"/><line nr="176" mi="0" ci="2" mb="0" cb="0"/><line nr="199" mi="0" ci="4" mb="0" cb="0"/><line nr="222" mi="0" ci="2" mb="0" cb="2"/><line nr="223" mi="0" ci="2" mb="0" cb="0"/><line nr="226" mi="3" ci="0" mb="0" cb="0"/><line nr="227" mi="0" ci="1" mb="0" cb="0"/><line nr="228" mi="0" ci="2" mb="0" cb="0"/><line nr="251" mi="0" ci="4" mb="0" cb="0"/><line nr="274" mi="0" ci="2" mb="0" cb="2"/><line nr="275" mi="0" ci="2" mb="0" cb="0"/><line nr="278" mi="3" ci="0" mb="0" cb="0"/><line nr="279" mi="0" ci="1" mb="0" cb="0"/><line nr="280" mi="0" ci="2" mb="0" cb="0"/><line nr="303" mi="0" ci="4" mb="0" cb="0"/><line nr="324" mi="0" ci="2" mb="0" cb="2"/><line nr="325" mi="0" ci="2" mb="0" cb="0"/><line nr="328" mi="3" ci="0" mb="0" cb="0"/><line nr="329" mi="0" ci="1" mb="0" cb="0"/><line nr="330" mi="0" ci="2" mb="0" cb="0"/><line nr="352" mi="0" ci="4" mb="0" cb="0"/><line nr="373" mi="0" ci="2" mb="0" cb="2"/><line nr="374" mi="0" ci="2" mb="0" cb="0"/><line nr="377" mi="3" ci="0" mb="0" cb="0"/><line nr="378" mi="0" ci="1" mb="0" cb="0"/><line nr="379" mi="0" ci="2" mb="0" cb="0"/><line nr="451" mi="0" ci="2" mb="0" cb="2"/><line nr="452" mi="0" ci="2" mb="0" cb="0"/><line nr="454" mi="0" ci="3" mb="0" cb="2"/><line nr="455" mi="0" ci="5" mb="0" cb="0"/><line nr="458" mi="0" ci="27" mb="0" cb="0"/><line nr="459" mi="0" ci="2" mb="0" cb="0"/><line nr="460" mi="0" ci="16" mb="0" cb="2"/><line nr="461" mi="0" ci="4" mb="0" cb="2"/><line nr="462" mi="0" ci="5" mb="0" cb="0"/><line nr="463" mi="0" ci="1" mb="0" cb="0"/><line nr="466" mi="0" ci="2" mb="0" cb="2"/><line nr="467" mi="0" ci="5" mb="0" cb="0"/><line nr="468" mi="0" ci="3" mb="0" cb="2"/><line nr="469" mi="3" ci="0" mb="0" cb="0"/><line nr="471" mi="0" ci="3" mb="1" cb="1"/><line nr="472" mi="3" ci="0" mb="0" cb="0"/><line nr="474" mi="3" ci="0" mb="0" cb="0"/><line nr="476" mi="0" ci="7" mb="0" cb="0"/><line nr="480" mi="0" ci="4" mb="0" cb="0"/><line nr="481" mi="0" ci="10" mb="0" cb="0"/><line nr="485" mi="0" ci="2" mb="0" cb="0"/><line nr="486" mi="0" ci="3" mb="0" cb="2"/><line nr="488" mi="0" ci="3" mb="0" cb="2"/><line nr="489" mi="0" ci="7" mb="0" cb="4"/><line nr="490" mi="0" ci="12" mb="0" cb="0"/><line nr="492" mi="0" ci="8" mb="0" cb="0"/><line nr="494" mi="0" ci="6" mb="0" cb="0"/><line nr="496" mi="0" ci="5" mb="0" cb="0"/><line nr="497" mi="0" ci="4" mb="0" cb="0"/><line nr="499" mi="0" ci="3" mb="0" cb="2"/><line nr="500" mi="0" ci="4" mb="0" cb="2"/><line nr="501" mi="0" ci="12" mb="0" cb="0"/><line nr="503" mi="0" ci="6" mb="0" cb="0"/><line nr="505" mi="0" ci="2" mb="0" cb="0"/><line nr="507" mi="0" ci="2" mb="0" cb="0"/><line nr="509" mi="0" ci="6" mb="0" cb="4"/><line nr="510" mi="0" ci="9" mb="0" cb="4"/><line nr="511" mi="0" ci="11" mb="0" cb="0"/><line nr="513" mi="0" ci="2" mb="0" cb="0"/><line nr="516" mi="0" ci="8" mb="0" cb="0"/><line nr="517" mi="0" ci="10" mb="0" cb="4"/><line nr="518" mi="0" ci="2" mb="0" cb="4"/><line nr="521" mi="0" ci="6" mb="0" cb="4"/><line nr="523" mi="0" ci="11" mb="0" cb="6"/><line nr="525" mi="0" ci="3" mb="0" cb="0"/><line nr="526" mi="1" ci="0" mb="0" cb="0"/><line nr="529" mi="3" ci="0" mb="0" cb="0"/><line nr="532" mi="0" ci="12" mb="0" cb="0"/><line nr="536" mi="3" ci="0" mb="0" cb="0"/><line nr="537" mi="10" ci="0" mb="6" cb="0"/><line nr="540" mi="2" ci="0" mb="0" cb="0"/><line nr="543" mi="0" ci="1" mb="0" cb="0"/><line nr="545" mi="1" ci="0" mb="0" cb="0"/><line nr="550" mi="3" ci="0" mb="0" cb="0"/><line nr="551" mi="11" ci="0" mb="6" cb="0"/><line nr="552" mi="2" ci="0" mb="0" cb="0"/><line nr="554" mi="0" ci="1" mb="0" cb="0"/><line nr="556" mi="1" ci="0" mb="0" cb="0"/><line nr="558" mi="3" ci="0" mb="0" cb="0"/><line nr="559" mi="0" ci="1" mb="0" cb="0"/><line nr="564" mi="0" ci="12" mb="0" cb="0"/><line nr="570" mi="0" ci="9" mb="0" cb="4"/><line nr="571" mi="0" ci="9" mb="0" cb="0"/><line nr="573" mi="0" ci="2" mb="0" cb="0"/><line nr="575" mi="0" ci="4" mb="0" cb="4"/><line nr="578" mi="3" ci="0" mb="0" cb="0"/><line nr="579" mi="0" ci="1" mb="0" cb="0"/><line nr="583" mi="3" ci="0" mb="0" cb="0"/><line nr="584" mi="0" ci="1" mb="0" cb="0"/><line nr="587" mi="3" ci="0" mb="0" cb="0"/><line nr="591" mi="0" ci="10" mb="1" cb="3"/><line nr="593" mi="0" ci="3" mb="0" cb="2"/><line nr="594" mi="0" ci="3" mb="0" cb="0"/><line nr="595" mi="0" ci="10" mb="1" cb="5"/><line nr="596" mi="0" ci="2" mb="0" cb="0"/><line nr="599" mi="0" ci="1" mb="0" cb="0"/><line nr="601" mi="0" ci="1" mb="0" cb="0"/><line nr="603" mi="0" ci="3" mb="0" cb="2"/><line nr="604" mi="0" ci="3" mb="0" cb="0"/><line nr="605" mi="0" ci="10" mb="3" cb="3"/><line nr="606" mi="2" ci="0" mb="0" cb="0"/><line nr="609" mi="0" ci="1" mb="0" cb="0"/><line nr="611" mi="0" ci="1" mb="0" cb="0"/><line nr="613" mi="0" ci="3" mb="0" cb="0"/><line nr="625" mi="0" ci="2" mb="0" cb="2"/><line nr="626" mi="0" ci="2" mb="0" cb="0"/><line nr="628" mi="0" ci="9" mb="0" cb="2"/><line nr="629" mi="0" ci="5" mb="0" cb="2"/><line nr="630" mi="0" ci="2" mb="0" cb="0"/><line nr="633" mi="0" ci="7" mb="0" cb="2"/><line nr="647" mi="0" ci="2" mb="0" cb="2"/><line nr="648" mi="0" ci="2" mb="0" cb="0"/><line nr="650" mi="0" ci="3" mb="0" cb="0"/><line nr="663" mi="0" ci="2" mb="0" cb="2"/><line nr="664" mi="0" ci="2" mb="0" cb="0"/><line nr="666" mi="0" ci="3" mb="0" cb="0"/><line nr="680" mi="0" ci="2" mb="1" cb="1"/><line nr="681" mi="0" ci="2" mb="0" cb="0"/><line nr="684" mi="3" ci="0" mb="0" cb="0"/><line nr="698" mi="0" ci="2" mb="0" cb="2"/><line nr="699" mi="0" ci="2" mb="0" cb="0"/><line nr="701" mi="0" ci="3" mb="0" cb="0"/><line nr="715" mi="0" ci="2" mb="0" cb="2"/><line nr="716" mi="0" ci="2" mb="0" cb="0"/><line nr="718" mi="0" ci="2" mb="0" cb="0"/><line nr="719" mi="0" ci="2" mb="0" cb="0"/><line nr="720" mi="0" ci="2" mb="0" cb="0"/><line nr="721" mi="0" ci="4" mb="0" cb="2"/><line nr="722" mi="0" ci="2" mb="0" cb="0"/><line nr="723" mi="0" ci="2" mb="0" cb="0"/><line nr="725" mi="0" ci="10" mb="2" cb="2"/><line nr="726" mi="2" ci="0" mb="0" cb="0"/><line nr="727" mi="2" ci="0" mb="0" cb="0"/><line nr="728" mi="0" ci="5" mb="0" cb="2"/><line nr="729" mi="0" ci="2" mb="0" cb="0"/><line nr="730" mi="0" ci="2" mb="0" cb="0"/><line nr="731" mi="0" ci="11" mb="0" cb="4"/><line nr="732" mi="0" ci="2" mb="0" cb="0"/><line nr="733" mi="0" ci="1" mb="0" cb="0"/><line nr="736" mi="0" ci="8" mb="0" cb="0"/><line nr="737" mi="0" ci="7" mb="0" cb="2"/><line nr="750" mi="0" ci="2" mb="0" cb="2"/><line nr="751" mi="0" ci="2" mb="0" cb="0"/><line nr="754" mi="0" ci="3" mb="0" cb="2"/><line nr="755" mi="0" ci="5" mb="0" cb="0"/><line nr="757" mi="0" ci="5" mb="0" cb="2"/><line nr="762" mi="0" ci="12" mb="0" cb="0"/><line nr="764" mi="0" ci="5" mb="0" cb="0"/><line nr="779" mi="0" ci="2" mb="0" cb="0"/><line nr="782" mi="0" ci="4" mb="0" cb="0"/><line nr="783" mi="0" ci="8" mb="0" cb="2"/><line nr="784" mi="0" ci="6" mb="0" cb="2"/><line nr="785" mi="0" ci="4" mb="0" cb="0"/><line nr="789" mi="0" ci="2" mb="0" cb="0"/><line nr="802" mi="0" ci="2" mb="0" cb="0"/><line nr="805" mi="0" ci="4" mb="0" cb="0"/><line nr="806" mi="0" ci="8" mb="0" cb="2"/><line nr="807" mi="0" ci="5" mb="0" cb="2"/><line nr="808" mi="0" ci="4" mb="0" cb="0"/><line nr="812" mi="0" ci="2" mb="0" cb="0"/><line nr="825" mi="0" ci="2" mb="0" cb="0"/><line nr="828" mi="0" ci="4" mb="0" cb="0"/><line nr="829" mi="0" ci="8" mb="0" cb="2"/><line nr="830" mi="0" ci="5" mb="0" cb="2"/><line nr="831" mi="0" ci="4" mb="0" cb="0"/><line nr="835" mi="0" ci="2" mb="0" cb="0"/><line nr="848" mi="0" ci="2" mb="0" cb="0"/><line nr="851" mi="0" ci="4" mb="0" cb="0"/><line nr="852" mi="0" ci="8" mb="0" cb="2"/><line nr="853" mi="0" ci="5" mb="0" cb="2"/><line nr="854" mi="0" ci="4" mb="0" cb="0"/><line nr="858" mi="0" ci="2" mb="0" cb="0"/><line nr="872" mi="0" ci="2" mb="0" cb="0"/><line nr="875" mi="0" ci="4" mb="0" cb="0"/><line nr="876" mi="0" ci="8" mb="0" cb="2"/><line nr="877" mi="0" ci="5" mb="0" cb="2"/><line nr="878" mi="0" ci="2" mb="0" cb="0"/><line nr="880" mi="0" ci="6" mb="0" cb="2"/><line nr="881" mi="0" ci="4" mb="0" cb="0"/><line nr="885" mi="0" ci="2" mb="0" cb="0"/><line nr="899" mi="0" ci="2" mb="0" cb="0"/><line nr="902" mi="0" ci="4" mb="0" cb="0"/><line nr="903" mi="0" ci="8" mb="0" cb="2"/><line nr="904" mi="0" ci="5" mb="0" cb="2"/><line nr="905" mi="0" ci="2" mb="0" cb="0"/><line nr="907" mi="0" ci="6" mb="0" cb="2"/><line nr="908" mi="0" ci="4" mb="0" cb="0"/><line nr="912" mi="0" ci="2" mb="0" cb="0"/><line nr="927" mi="0" ci="2" mb="0" cb="0"/><line nr="930" mi="0" ci="4" mb="0" cb="0"/><line nr="931" mi="0" ci="8" mb="0" cb="2"/><line nr="932" mi="0" ci="6" mb="0" cb="2"/><line nr="933" mi="0" ci="4" mb="0" cb="0"/><line nr="937" mi="0" ci="2" mb="0" cb="0"/><line nr="950" mi="0" ci="2" mb="0" cb="0"/><line nr="953" mi="0" ci="4" mb="0" cb="0"/><line nr="954" mi="0" ci="8" mb="0" cb="2"/><line nr="955" mi="0" ci="5" mb="0" cb="2"/><line nr="956" mi="0" ci="4" mb="0" cb="0"/><line nr="960" mi="0" ci="2" mb="0" cb="0"/><line nr="973" mi="0" ci="2" mb="0" cb="0"/><line nr="976" mi="0" ci="4" mb="0" cb="0"/><line nr="977" mi="0" ci="8" mb="0" cb="2"/><line nr="978" mi="0" ci="5" mb="0" cb="2"/><line nr="979" mi="0" ci="4" mb="0" cb="0"/><line nr="983" mi="0" ci="2" mb="0" cb="0"/><line nr="996" mi="0" ci="2" mb="0" cb="0"/><line nr="999" mi="0" ci="4" mb="0" cb="0"/><line nr="1000" mi="0" ci="8" mb="0" cb="2"/><line nr="1001" mi="0" ci="5" mb="0" cb="2"/><line nr="1002" mi="0" ci="4" mb="0" cb="0"/><line nr="1006" mi="0" ci="2" mb="0" cb="0"/><line nr="1020" mi="0" ci="2" mb="0" cb="0"/><line nr="1023" mi="0" ci="4" mb="0" cb="0"/><line nr="1024" mi="0" ci="8" mb="0" cb="2"/><line nr="1025" mi="0" ci="5" mb="0" cb="2"/><line nr="1026" mi="0" ci="2" mb="0" cb="0"/><line nr="1028" mi="0" ci="6" mb="0" cb="2"/><line nr="1029" mi="0" ci="4" mb="0" cb="0"/><line nr="1033" mi="0" ci="2" mb="0" cb="0"/><line nr="1047" mi="0" ci="2" mb="0" cb="0"/><line nr="1050" mi="0" ci="4" mb="0" cb="0"/><line nr="1051" mi="0" ci="8" mb="0" cb="2"/><line nr="1052" mi="0" ci="5" mb="0" cb="2"/><line nr="1053" mi="0" ci="2" mb="0" cb="0"/><line nr="1055" mi="0" ci="6" mb="0" cb="2"/><line nr="1056" mi="0" ci="4" mb="0" cb="0"/><line nr="1060" mi="0" ci="2" mb="0" cb="0"/><line nr="1070" mi="0" ci="2" mb="0" cb="2"/><line nr="1071" mi="0" ci="5" mb="0" cb="0"/><line nr="1072" mi="0" ci="3" mb="0" cb="2"/><line nr="1073" mi="0" ci="5" mb="0" cb="0"/><line nr="1075" mi="0" ci="1" mb="0" cb="0"/><line nr="1088" mi="0" ci="4" mb="0" cb="2"/><line nr="1089" mi="0" ci="2" mb="0" cb="0"/><line nr="1091" mi="0" ci="4" mb="0" cb="2"/><line nr="1092" mi="0" ci="2" mb="0" cb="0"/><line nr="1094" mi="0" ci="2" mb="0" cb="0"/><line nr="1106" mi="0" ci="3" mb="0" cb="2"/><line nr="1107" mi="0" ci="2" mb="0" cb="0"/><line nr="1109" mi="0" ci="3" mb="0" cb="2"/><line nr="1110" mi="0" ci="2" mb="0" cb="0"/><line nr="1112" mi="0" ci="2" mb="0" cb="0"/><line nr="1124" mi="0" ci="3" mb="0" cb="2"/><line nr="1125" mi="0" ci="2" mb="0" cb="0"/><line nr="1127" mi="0" ci="3" mb="0" cb="2"/><line nr="1128" mi="0" ci="2" mb="0" cb="0"/><line nr="1130" mi="0" ci="2" mb="0" cb="0"/><line nr="1142" mi="0" ci="3" mb="0" cb="2"/><line nr="1143" mi="0" ci="2" mb="0" cb="0"/><line nr="1145" mi="0" ci="3" mb="0" cb="2"/><line nr="1146" mi="0" ci="2" mb="0" cb="0"/><line nr="1148" mi="0" ci="2" mb="0" cb="0"/><line nr="1164" mi="0" ci="6" mb="0" cb="0"/><line nr="1180" mi="0" ci="6" mb="0" cb="0"/><line nr="1194" mi="0" ci="4" mb="0" cb="2"/><line nr="1195" mi="0" ci="2" mb="0" cb="0"/><line nr="1197" mi="0" ci="4" mb="0" cb="2"/><line nr="1198" mi="0" ci="2" mb="0" cb="0"/><line nr="1200" mi="0" ci="2" mb="0" cb="0"/><line nr="1212" mi="0" ci="3" mb="0" cb="2"/><line nr="1213" mi="0" ci="2" mb="0" cb="0"/><line nr="1215" mi="0" ci="3" mb="0" cb="2"/><line nr="1216" mi="0" ci="2" mb="0" cb="0"/><line nr="1218" mi="0" ci="2" mb="0" cb="0"/><line nr="1230" mi="0" ci="3" mb="0" cb="2"/><line nr="1231" mi="0" ci="2" mb="0" cb="0"/><line nr="1233" mi="0" ci="3" mb="0" cb="2"/><line nr="1234" mi="0" ci="2" mb="0" cb="0"/><line nr="1236" mi="0" ci="2" mb="0" cb="0"/><line nr="1248" mi="0" ci="3" mb="0" cb="2"/><line nr="1249" mi="0" ci="2" mb="0" cb="0"/><line nr="1251" mi="0" ci="3" mb="0" cb="2"/><line nr="1252" mi="0" ci="2" mb="0" cb="0"/><line nr="1254" mi="0" ci="2" mb="0" cb="0"/><line nr="1270" mi="0" ci="6" mb="0" cb="0"/><line nr="1286" mi="0" ci="6" mb="0" cb="0"/><line nr="1301" mi="0" ci="3" mb="0" cb="2"/><line nr="1302" mi="0" ci="2" mb="0" cb="0"/><line nr="1304" mi="0" ci="8" mb="0" cb="2"/><line nr="1305" mi="0" ci="5" mb="0" cb="2"/><line nr="1306" mi="0" ci="2" mb="0" cb="0"/><line nr="1309" mi="0" ci="2" mb="0" cb="0"/><line nr="1326" mi="0" ci="3" mb="0" cb="2"/><line nr="1327" mi="0" ci="2" mb="0" cb="0"/><line nr="1329" mi="0" ci="3" mb="0" cb="0"/><line nr="1330" mi="0" ci="3" mb="0" cb="0"/><line nr="1331" mi="0" ci="2" mb="0" cb="0"/><line nr="1332" mi="0" ci="2" mb="0" cb="0"/><line nr="1333" mi="0" ci="2" mb="0" cb="0"/><line nr="1334" mi="0" ci="2" mb="0" cb="0"/><line nr="1336" mi="0" ci="9" mb="0" cb="2"/><line nr="1337" mi="0" ci="17" mb="0" cb="6"/><line nr="1338" mi="0" ci="4" mb="0" cb="0"/><line nr="1339" mi="0" ci="3" mb="0" cb="2"/><line nr="1340" mi="0" ci="2" mb="0" cb="0"/><line nr="1343" mi="0" ci="6" mb="0" cb="2"/><line nr="1344" mi="0" ci="30" mb="0" cb="12"/><line nr="1347" mi="0" ci="2" mb="0" cb="0"/><line nr="1350" mi="0" ci="2" mb="0" cb="0"/><line nr="1352" mi="0" ci="1" mb="0" cb="0"/><line nr="1354" mi="0" ci="2" mb="0" cb="0"/><line nr="1357" mi="0" ci="12" mb="1" cb="7"/><line nr="1358" mi="0" ci="10" mb="0" cb="4"/><line nr="1359" mi="0" ci="2" mb="0" cb="0"/><line nr="1360" mi="0" ci="3" mb="0" cb="0"/><line nr="1362" mi="0" ci="5" mb="0" cb="2"/><line nr="1363" mi="0" ci="4" mb="0" cb="4"/><line nr="1365" mi="0" ci="2" mb="0" cb="0"/><line nr="1367" mi="0" ci="3" mb="0" cb="0"/><line nr="1368" mi="0" ci="10" mb="0" cb="4"/><line nr="1370" mi="0" ci="2" mb="1" cb="1"/><line nr="1372" mi="2" ci="0" mb="0" cb="0"/><line nr="1374" mi="0" ci="2" mb="0" cb="2"/><line nr="1375" mi="0" ci="2" mb="0" cb="0"/><line nr="1377" mi="0" ci="2" mb="0" cb="0"/><line nr="1378" mi="0" ci="3" mb="0" cb="0"/><line nr="1379" mi="0" ci="10" mb="0" cb="4"/><line nr="1380" mi="0" ci="2" mb="1" cb="1"/><line nr="1381" mi="0" ci="2" mb="0" cb="0"/><line nr="1383" mi="2" ci="0" mb="0" cb="0"/><line nr="1384" mi="3" ci="0" mb="0" cb="0"/><line nr="1386" mi="0" ci="2" mb="0" cb="0"/><line nr="1388" mi="0" ci="2" mb="0" cb="0"/><line nr="1390" mi="0" ci="4" mb="0" cb="2"/><line nr="1391" mi="0" ci="10" mb="0" cb="4"/><line nr="1393" mi="0" ci="2" mb="0" cb="0"/><line nr="1395" mi="0" ci="10" mb="0" cb="4"/><line nr="1397" mi="0" ci="2" mb="0" cb="0"/><line nr="1399" mi="0" ci="5" mb="0" cb="2"/><line nr="1400" mi="0" ci="4" mb="0" cb="4"/><line nr="1402" mi="0" ci="2" mb="0" cb="0"/><line nr="1405" mi="0" ci="2" mb="0" cb="0"/><line nr="1407" mi="0" ci="22" mb="0" cb="10"/><line nr="1412" mi="0" ci="2" mb="0" cb="0"/><line nr="1414" mi="0" ci="10" mb="0" cb="4"/><line nr="1417" mi="0" ci="10" mb="2" cb="4"/><line nr="1420" mi="0" ci="2" mb="0" cb="0"/><line nr="1424" mi="2" ci="6" mb="2" cb="2"/><counter type="INSTRUCTION" missed="94" covered="1394"/><counter type="BRANCH" missed="28" covered="310"/><counter type="LINE" missed="30" covered="345"/><counter type="COMPLEXITY" missed="22" covered="197"/><counter type="METHOD" missed="0" covered="49"/><counter type="CLASS" missed="0" covered="1"/></sourcefile><counter type="INSTRUCTION" missed="94" covered="1394"/><counter type="BRANCH" missed="28" covered="310"/><counter type="LINE" missed="30" covered="345"/><counter type="COMPLEXITY" missed="22" covered="197"/><counter type="METHOD" missed="0" covered="49"/><counter type="CLASS" missed="0" covered="1"/></package><counter type="INSTRUCTION" missed="94" covered="1394"/><counter type="BRANCH" missed="28" covered="310"/><counter type="LINE" missed="30" covered="345"/><counter type="COMPLEXITY" missed="22" covered="197"/><counter type="METHOD" missed="0" covered="49"/><counter type="CLASS" missed="0" covered="1"/></report>